[2022-08-30T20:28:50.364] [WARN] warnArchive - Estado: 404, Ruta consultada: /api/formProductos.js, Metodo GET
[2022-08-30T20:28:50.371] [WARN] warnArchive - Estado: 404, Ruta consultada: /socket.io/socket.io.js, Metodo GET
[2022-08-30T20:31:59.070] [WARN] warnArchive - Estado: 404, Ruta consultada: /api/formProductos.js, Metodo GET
[2022-08-30T20:32:05.001] [WARN] warnArchive - Estado: 404, Ruta consultada: /api/formProductos.js, Metodo GET
[2022-08-30T20:32:10.742] [WARN] warnArchive - Estado: 404, Ruta consultada: /api/formProductos.js, Metodo GET
[2022-08-30T20:32:12.410] [WARN] warnArchive - Estado: 404, Ruta consultada: /api/formProductos.js, Metodo GET
[2022-08-30T20:32:14.353] [WARN] warnArchive - Estado: 404, Ruta consultada: /api/formProductos.js, Metodo GET
[2022-08-30T20:32:48.150] [WARN] warnArchive - Estado: 404, Ruta consultada: /avatar/public/avatar/1661719606018-givi%20trekker%20dolomiti%2036%20lts.jpg, Metodo GET
[2022-08-30T20:32:52.970] [WARN] warnArchive - Estado: 404, Ruta consultada: /avatar/public/avatar/1661719606018-givi%20trekker%20dolomiti%2036%20lts.jpg, Metodo GET
[2022-09-24T09:41:27.477] [WARN] warnArchive - Estado: 404, Ruta consultada: /socket.io/?EIO=4&transport=polling&t=ODlX4--, Metodo GET
[2022-09-24T09:41:29.770] [WARN] warnArchive - Estado: 404, Ruta consultada: /socket.io/?EIO=4&transport=polling&t=ODlX5z9, Metodo GET
[2022-09-28T18:31:59.715] [WARN] warnArchive - Estado: 404, Ruta consultada: /favicon.ico, Metodo GET
[2022-09-28T18:32:00.402] [WARN] warnArchive - Estado: 404, Ruta consultada: /favicon.ico, Metodo GET
[2022-09-28T18:32:02.898] [WARN] warnArchive - Estado: 404, Ruta consultada: /favicon.ico, Metodo GET
[2022-09-28T18:32:03.777] [WARN] warnArchive - Estado: 404, Ruta consultada: /favicon.ico, Metodo GET
[2022-09-28T18:32:05.184] [WARN] warnArchive - Estado: 404, Ruta consultada: /api/undefined, Metodo GET
[2022-09-28T18:32:05.389] [WARN] warnArchive - Estado: 404, Ruta consultada: /favicon.ico, Metodo GET
[2022-09-28T18:32:06.835] [WARN] warnArchive - Estado: 404, Ruta consultada: /api/undefined, Metodo GET
[2022-09-28T18:32:06.944] [WARN] warnArchive - Estado: 404, Ruta consultada: /favicon.ico, Metodo GET
[2022-09-28T18:32:07.514] [WARN] warnArchive - Estado: 404, Ruta consultada: /favicon.ico, Metodo GET
[2022-09-28T18:32:08.849] [WARN] warnArchive - Estado: 404, Ruta consultada: /favicon.ico, Metodo GET
[2022-09-28T18:32:24.737] [WARN] warnArchive - Estado: 404, Ruta consultada: /favicon.ico, Metodo GET
[2022-09-28T18:32:27.506] [WARN] warnArchive - Estado: 404, Ruta consultada: /api/undefined, Metodo GET
[2022-09-28T18:32:27.623] [WARN] warnArchive - Estado: 404, Ruta consultada: /favicon.ico, Metodo GET
[2022-09-28T18:32:29.820] [WARN] warnArchive - Estado: 404, Ruta consultada: /api/undefined, Metodo GET
[2022-09-28T18:32:29.930] [WARN] warnArchive - Estado: 404, Ruta consultada: /favicon.ico, Metodo GET
[2022-09-28T18:32:34.667] [WARN] warnArchive - Estado: 404, Ruta consultada: /favicon.ico, Metodo GET
[2022-09-28T18:32:35.493] [WARN] warnArchive - Estado: 404, Ruta consultada: /favicon.ico, Metodo GET
[2022-09-28T18:32:36.079] [WARN] warnArchive - Estado: 404, Ruta consultada: /api/undefined, Metodo GET
[2022-09-28T18:32:36.194] [WARN] warnArchive - Estado: 404, Ruta consultada: /favicon.ico, Metodo GET
[2022-09-28T18:32:36.857] [WARN] warnArchive - Estado: 404, Ruta consultada: /favicon.ico, Metodo GET
[2022-09-28T18:32:38.609] [WARN] warnArchive - Estado: 404, Ruta consultada: /favicon.ico, Metodo GET
[2022-09-28T18:32:39.771] [WARN] warnArchive - Estado: 404, Ruta consultada: /api/undefined, Metodo GET
[2022-09-28T18:32:39.878] [WARN] warnArchive - Estado: 404, Ruta consultada: /favicon.ico, Metodo GET
[2022-09-28T18:32:41.902] [WARN] warnArchive - Estado: 404, Ruta consultada: /favicon.ico, Metodo GET
[2022-09-28T18:32:42.613] [WARN] warnArchive - Estado: 404, Ruta consultada: /favicon.ico, Metodo GET
[2022-09-28T18:32:43.279] [WARN] warnArchive - Estado: 404, Ruta consultada: /api/undefined, Metodo GET
[2022-09-28T18:32:43.429] [WARN] warnArchive - Estado: 404, Ruta consultada: /favicon.ico, Metodo GET
[2022-09-28T18:32:44.384] [WARN] warnArchive - Estado: 404, Ruta consultada: /api/undefined, Metodo GET
[2022-09-28T18:32:44.499] [WARN] warnArchive - Estado: 404, Ruta consultada: /favicon.ico, Metodo GET
[2022-09-28T18:32:45.168] [WARN] warnArchive - Estado: 404, Ruta consultada: /api/undefined, Metodo GET
[2022-09-28T18:32:45.277] [WARN] warnArchive - Estado: 404, Ruta consultada: /favicon.ico, Metodo GET
[2022-09-28T18:32:45.866] [WARN] warnArchive - Estado: 404, Ruta consultada: /favicon.ico, Metodo GET
[2022-09-28T18:32:47.149] [WARN] warnArchive - Estado: 404, Ruta consultada: /favicon.ico, Metodo GET
[2022-09-28T18:32:49.069] [WARN] warnArchive - Estado: 404, Ruta consultada: /favicon.ico, Metodo GET
[2022-09-28T18:33:23.015] [WARN] warnArchive - Estado: 404, Ruta consultada: /favicon.ico, Metodo GET
[2022-09-28T18:33:24.251] [WARN] warnArchive - Estado: 404, Ruta consultada: /favicon.ico, Metodo GET
[2022-09-28T18:33:25.901] [WARN] warnArchive - Estado: 404, Ruta consultada: /favicon.ico, Metodo GET
[2022-09-28T18:33:26.649] [WARN] warnArchive - Estado: 404, Ruta consultada: /api/undefined, Metodo GET
[2022-09-28T18:33:26.769] [WARN] warnArchive - Estado: 404, Ruta consultada: /favicon.ico, Metodo GET
[2022-09-28T18:33:28.636] [WARN] warnArchive - Estado: 404, Ruta consultada: /favicon.ico, Metodo GET
[2022-09-28T18:33:29.634] [WARN] warnArchive - Estado: 404, Ruta consultada: /favicon.ico, Metodo GET
[2022-09-28T18:43:38.183] [WARN] warnArchive - Estado: 404, Ruta consultada: /favicon.ico, Metodo GET
[2022-09-28T18:49:20.462] [WARN] warnArchive - Estado: 404, Ruta consultada: /favicon.ico, Metodo GET
[2022-09-28T18:49:23.278] [WARN] warnArchive - Estado: 404, Ruta consultada: /favicon.ico, Metodo GET
[2022-09-28T18:49:24.310] [WARN] warnArchive - Estado: 404, Ruta consultada: /api/undefined, Metodo GET
[2022-09-28T18:49:24.431] [WARN] warnArchive - Estado: 404, Ruta consultada: /favicon.ico, Metodo GET
[2022-09-28T18:50:26.320] [WARN] warnArchive - Estado: 404, Ruta consultada: /api/undefined, Metodo GET
[2022-09-28T18:50:26.430] [WARN] warnArchive - Estado: 404, Ruta consultada: /favicon.ico, Metodo GET
[2022-09-28T18:51:33.449] [WARN] warnArchive - Estado: 404, Ruta consultada: /api/undefined, Metodo GET
[2022-09-28T18:51:33.842] [WARN] warnArchive - Estado: 404, Ruta consultada: /favicon.ico, Metodo GET
[2022-09-28T18:51:35.553] [WARN] warnArchive - Estado: 404, Ruta consultada: /favicon.ico, Metodo GET
[2022-09-28T18:51:36.467] [WARN] warnArchive - Estado: 404, Ruta consultada: /favicon.ico, Metodo GET
[2022-09-28T18:51:37.974] [WARN] warnArchive - Estado: 404, Ruta consultada: /favicon.ico, Metodo GET
[2022-09-28T18:51:38.874] [WARN] warnArchive - Estado: 404, Ruta consultada: /api/undefined, Metodo GET
[2022-09-28T18:51:38.993] [WARN] warnArchive - Estado: 404, Ruta consultada: /favicon.ico, Metodo GET
[2022-09-28T18:51:41.286] [WARN] warnArchive - Estado: 404, Ruta consultada: /api/undefined, Metodo GET
[2022-09-28T18:51:41.398] [WARN] warnArchive - Estado: 404, Ruta consultada: /favicon.ico, Metodo GET
[2022-09-28T18:51:44.206] [WARN] warnArchive - Estado: 404, Ruta consultada: /api/undefined, Metodo GET
[2022-09-28T18:51:44.354] [WARN] warnArchive - Estado: 404, Ruta consultada: /favicon.ico, Metodo GET
[2022-09-28T19:03:42.229] [WARN] warnArchive - Estado: 404, Ruta consultada: /favicon.ico, Metodo GET
[2022-09-28T19:03:43.483] [WARN] warnArchive - Estado: 404, Ruta consultada: /favicon.ico, Metodo GET
[2022-09-28T19:03:45.044] [WARN] warnArchive - Estado: 404, Ruta consultada: /favicon.ico, Metodo GET
[2022-09-28T19:03:45.778] [WARN] warnArchive - Estado: 404, Ruta consultada: /favicon.ico, Metodo GET
[2022-09-29T17:45:15.848] [WARN] warnArchive - Estado: 404, Ruta consultada: /favicon.ico, Metodo GET
[2022-09-29T18:02:49.815] [WARN] warnArchive - Estado: 404, Ruta consultada: /favicon.ico, Metodo GET
[2022-09-29T18:08:11.332] [WARN] warnArchive - Estado: 404, Ruta consultada: /favicon.ico, Metodo GET
[2022-09-29T18:08:53.224] [WARN] warnArchive - Estado: 404, Ruta consultada: /favicon.ico, Metodo GET
[2022-09-29T18:08:53.808] [WARN] warnArchive - Estado: 404, Ruta consultada: /favicon.ico, Metodo GET
[2022-09-29T18:08:55.334] [WARN] warnArchive - Estado: 404, Ruta consultada: /favicon.ico, Metodo GET
[2022-09-29T18:08:55.706] [WARN] warnArchive - Estado: 404, Ruta consultada: /favicon.ico, Metodo GET
[2022-09-29T18:08:57.411] [WARN] warnArchive - Estado: 404, Ruta consultada: /favicon.ico, Metodo GET
[2022-09-29T18:08:58.334] [WARN] warnArchive - Estado: 404, Ruta consultada: /favicon.ico, Metodo GET
[2022-09-29T18:08:58.834] [WARN] warnArchive - Estado: 404, Ruta consultada: /favicon.ico, Metodo GET
[2022-09-29T18:09:05.562] [WARN] warnArchive - Estado: 404, Ruta consultada: /favicon.ico, Metodo GET
[2022-09-29T18:09:05.890] [WARN] warnArchive - Estado: 404, Ruta consultada: /favicon.ico, Metodo GET
[2022-09-29T18:09:06.030] [WARN] warnArchive - Estado: 404, Ruta consultada: /favicon.ico, Metodo GET
[2022-09-29T18:09:06.853] [WARN] warnArchive - Estado: 404, Ruta consultada: /favicon.ico, Metodo GET
[2022-09-29T18:09:07.780] [WARN] warnArchive - Estado: 404, Ruta consultada: /favicon.ico, Metodo GET
[2022-09-29T18:09:09.923] [WARN] warnArchive - Estado: 404, Ruta consultada: /favicon.ico, Metodo GET
[2022-09-29T18:09:17.075] [WARN] warnArchive - Estado: 404, Ruta consultada: /favicon.ico, Metodo GET
[2022-09-29T18:09:17.281] [WARN] warnArchive - Estado: 404, Ruta consultada: /favicon.ico, Metodo GET
[2022-09-29T18:09:22.707] [WARN] warnArchive - Estado: 404, Ruta consultada: /favicon.ico, Metodo GET
[2022-09-29T18:09:22.810] [WARN] warnArchive - Estado: 404, Ruta consultada: /favicon.ico, Metodo GET
[2022-09-29T18:09:23.012] [WARN] warnArchive - Estado: 404, Ruta consultada: /favicon.ico, Metodo GET
[2022-09-29T18:09:23.166] [WARN] warnArchive - Estado: 404, Ruta consultada: /favicon.ico, Metodo GET
[2022-09-29T18:09:25.388] [WARN] warnArchive - Estado: 404, Ruta consultada: /favicon.ico, Metodo GET
[2022-09-29T18:09:25.545] [WARN] warnArchive - Estado: 404, Ruta consultada: /favicon.ico, Metodo GET
[2022-09-29T18:09:25.670] [WARN] warnArchive - Estado: 404, Ruta consultada: /favicon.ico, Metodo GET
[2022-09-29T18:09:26.192] [WARN] warnArchive - Estado: 404, Ruta consultada: /favicon.ico, Metodo GET
[2022-09-29T18:09:33.296] [WARN] warnArchive - Estado: 404, Ruta consultada: /favicon.ico, Metodo GET
[2022-09-29T18:09:33.470] [WARN] warnArchive - Estado: 404, Ruta consultada: /favicon.ico, Metodo GET
[2022-09-29T18:09:33.785] [WARN] warnArchive - Estado: 404, Ruta consultada: /favicon.ico, Metodo GET
[2022-09-29T18:10:55.404] [WARN] warnArchive - Estado: 404, Ruta consultada: /favicon.ico, Metodo GET
[2022-09-29T18:10:55.809] [WARN] warnArchive - Estado: 404, Ruta consultada: /favicon.ico, Metodo GET
[2022-09-29T18:11:00.514] [WARN] warnArchive - Estado: 404, Ruta consultada: /favicon.ico, Metodo GET
[2022-09-29T18:11:02.026] [WARN] warnArchive - Estado: 404, Ruta consultada: /favicon.ico, Metodo GET
[2022-09-29T18:11:02.225] [WARN] warnArchive - Estado: 404, Ruta consultada: /favicon.ico, Metodo GET
[2022-09-29T18:11:02.446] [WARN] warnArchive - Estado: 404, Ruta consultada: /favicon.ico, Metodo GET
[2022-09-29T18:11:03.793] [WARN] warnArchive - Estado: 404, Ruta consultada: /favicon.ico, Metodo GET
[2022-09-29T18:11:03.981] [WARN] warnArchive - Estado: 404, Ruta consultada: /favicon.ico, Metodo GET
[2022-09-29T18:11:04.397] [WARN] warnArchive - Estado: 404, Ruta consultada: /favicon.ico, Metodo GET
[2022-09-29T18:11:04.517] [WARN] warnArchive - Estado: 404, Ruta consultada: /favicon.ico, Metodo GET
[2022-09-29T18:11:04.681] [WARN] warnArchive - Estado: 404, Ruta consultada: /favicon.ico, Metodo GET
[2022-09-29T18:11:04.826] [WARN] warnArchive - Estado: 404, Ruta consultada: /favicon.ico, Metodo GET
[2022-09-29T18:11:05.073] [WARN] warnArchive - Estado: 404, Ruta consultada: /favicon.ico, Metodo GET
[2022-09-29T18:11:06.359] [WARN] warnArchive - Estado: 404, Ruta consultada: /favicon.ico, Metodo GET
[2022-09-29T18:11:28.395] [WARN] warnArchive - Estado: 404, Ruta consultada: /favicon.ico, Metodo GET
[2022-09-29T18:11:29.905] [WARN] warnArchive - Estado: 404, Ruta consultada: /favicon.ico, Metodo GET
[2022-09-29T18:11:31.201] [WARN] warnArchive - Estado: 404, Ruta consultada: /api/undefined, Metodo GET
[2022-09-29T18:11:31.343] [WARN] warnArchive - Estado: 404, Ruta consultada: /favicon.ico, Metodo GET
[2022-09-29T18:11:32.118] [WARN] warnArchive - Estado: 404, Ruta consultada: /favicon.ico, Metodo GET
[2022-09-29T18:11:33.232] [WARN] warnArchive - Estado: 404, Ruta consultada: /api/undefined, Metodo GET
[2022-09-29T18:11:33.356] [WARN] warnArchive - Estado: 404, Ruta consultada: /favicon.ico, Metodo GET
[2022-09-29T18:11:39.072] [WARN] warnArchive - Estado: 404, Ruta consultada: /favicon.ico, Metodo GET
[2022-09-29T18:11:39.425] [WARN] warnArchive - Estado: 404, Ruta consultada: /favicon.ico, Metodo GET
[2022-09-29T18:11:39.571] [WARN] warnArchive - Estado: 404, Ruta consultada: /favicon.ico, Metodo GET
[2022-09-29T18:11:40.905] [WARN] warnArchive - Estado: 404, Ruta consultada: /favicon.ico, Metodo GET
[2022-09-29T18:14:01.268] [WARN] warnArchive - Estado: 404, Ruta consultada: /favicon.ico, Metodo GET
[2022-09-29T18:14:01.453] [WARN] warnArchive - Estado: 404, Ruta consultada: /favicon.ico, Metodo GET
[2022-09-29T18:18:41.402] [WARN] warnArchive - Estado: 404, Ruta consultada: /favicon.ico, Metodo GET
[2022-09-29T18:18:41.617] [WARN] warnArchive - Estado: 404, Ruta consultada: /favicon.ico, Metodo GET
[2022-09-29T18:18:44.390] [WARN] warnArchive - Estado: 404, Ruta consultada: /favicon.ico, Metodo GET
[2022-09-29T18:18:44.535] [WARN] warnArchive - Estado: 404, Ruta consultada: /favicon.ico, Metodo GET
[2022-09-29T18:18:44.998] [WARN] warnArchive - Estado: 404, Ruta consultada: /favicon.ico, Metodo GET
[2022-09-29T18:32:00.107] [WARN] warnArchive - Estado: 404, Ruta consultada: /favicon.ico, Metodo GET
[2022-09-29T18:32:03.118] [WARN] warnArchive - Estado: 404, Ruta consultada: /favicon.ico, Metodo GET
[2022-09-29T18:32:03.644] [WARN] warnArchive - Estado: 404, Ruta consultada: /favicon.ico, Metodo GET
[2022-09-29T18:32:08.854] [WARN] warnArchive - Estado: 404, Ruta consultada: /favicon.ico, Metodo GET
[2022-09-29T18:32:11.447] [WARN] warnArchive - Estado: 404, Ruta consultada: /favicon.ico, Metodo GET
[2022-09-29T18:32:12.651] [WARN] warnArchive - Estado: 404, Ruta consultada: /favicon.ico, Metodo GET
[2022-09-29T18:32:14.831] [WARN] warnArchive - Estado: 404, Ruta consultada: /favicon.ico, Metodo GET
[2022-09-29T18:32:17.320] [WARN] warnArchive - Estado: 404, Ruta consultada: /favicon.ico, Metodo GET
[2022-09-29T18:32:20.149] [WARN] warnArchive - Estado: 404, Ruta consultada: /favicon.ico, Metodo GET
[2022-09-29T18:32:20.484] [WARN] warnArchive - Estado: 404, Ruta consultada: /favicon.ico, Metodo GET
[2022-09-29T18:32:22.642] [WARN] warnArchive - Estado: 404, Ruta consultada: /favicon.ico, Metodo GET
[2022-09-29T18:32:23.114] [WARN] warnArchive - Estado: 404, Ruta consultada: /favicon.ico, Metodo GET
[2022-09-29T18:32:47.453] [WARN] warnArchive - Estado: 404, Ruta consultada: /favicon.ico, Metodo GET
[2022-09-29T18:32:47.889] [WARN] warnArchive - Estado: 404, Ruta consultada: /favicon.ico, Metodo GET
[2022-09-29T18:32:48.126] [WARN] warnArchive - Estado: 404, Ruta consultada: /favicon.ico, Metodo GET
[2022-09-29T18:32:59.302] [WARN] warnArchive - Estado: 404, Ruta consultada: /favicon.ico, Metodo GET
[2022-09-29T18:33:00.608] [WARN] warnArchive - Estado: 404, Ruta consultada: /favicon.ico, Metodo GET
[2022-09-29T18:33:00.969] [WARN] warnArchive - Estado: 404, Ruta consultada: /favicon.ico, Metodo GET
[2022-09-29T18:33:02.350] [WARN] warnArchive - Estado: 404, Ruta consultada: /favicon.ico, Metodo GET
[2022-09-29T18:33:02.730] [WARN] warnArchive - Estado: 404, Ruta consultada: /favicon.ico, Metodo GET
[2022-09-29T18:33:03.672] [WARN] warnArchive - Estado: 404, Ruta consultada: /favicon.ico, Metodo GET
[2022-09-29T18:33:03.914] [WARN] warnArchive - Estado: 404, Ruta consultada: /favicon.ico, Metodo GET
[2022-09-29T18:33:04.087] [WARN] warnArchive - Estado: 404, Ruta consultada: /favicon.ico, Metodo GET
[2022-09-29T18:33:04.428] [WARN] warnArchive - Estado: 404, Ruta consultada: /favicon.ico, Metodo GET
[2022-09-29T18:33:36.996] [WARN] warnArchive - Estado: 404, Ruta consultada: /favicon.ico, Metodo GET
[2022-09-29T18:33:38.261] [WARN] warnArchive - Estado: 404, Ruta consultada: /favicon.ico, Metodo GET
[2022-09-29T18:33:43.224] [WARN] warnArchive - Estado: 404, Ruta consultada: /favicon.ico, Metodo GET
[2022-09-29T18:33:43.697] [WARN] warnArchive - Estado: 404, Ruta consultada: /favicon.ico, Metodo GET
[2022-09-29T18:33:45.131] [WARN] warnArchive - Estado: 404, Ruta consultada: /favicon.ico, Metodo GET
[2022-09-29T18:33:46.103] [WARN] warnArchive - Estado: 404, Ruta consultada: /favicon.ico, Metodo GET
[2022-09-29T18:33:48.686] [WARN] warnArchive - Estado: 404, Ruta consultada: /favicon.ico, Metodo GET
[2022-09-29T18:33:52.695] [WARN] warnArchive - Estado: 404, Ruta consultada: /favicon.ico, Metodo GET
[2022-09-29T18:33:52.987] [WARN] warnArchive - Estado: 404, Ruta consultada: /favicon.ico, Metodo GET
[2022-09-29T18:33:53.656] [WARN] warnArchive - Estado: 404, Ruta consultada: /favicon.ico, Metodo GET
[2022-09-29T18:33:59.567] [WARN] warnArchive - Estado: 404, Ruta consultada: /favicon.ico, Metodo GET
[2022-09-29T18:34:02.170] [WARN] warnArchive - Estado: 404, Ruta consultada: /favicon.ico, Metodo GET
[2022-09-29T18:34:02.937] [WARN] warnArchive - Estado: 404, Ruta consultada: /favicon.ico, Metodo GET
[2022-09-29T18:34:04.571] [WARN] warnArchive - Estado: 404, Ruta consultada: /favicon.ico, Metodo GET
[2022-09-29T18:34:05.160] [WARN] warnArchive - Estado: 404, Ruta consultada: /api/undefined, Metodo GET
[2022-09-29T18:34:05.271] [WARN] warnArchive - Estado: 404, Ruta consultada: /favicon.ico, Metodo GET
[2022-09-29T18:34:19.197] [WARN] warnArchive - Estado: 404, Ruta consultada: /favicon.ico, Metodo GET
[2022-09-29T18:34:19.416] [WARN] warnArchive - Estado: 404, Ruta consultada: /favicon.ico, Metodo GET
[2022-09-29T18:34:19.657] [WARN] warnArchive - Estado: 404, Ruta consultada: /favicon.ico, Metodo GET
[2022-09-29T18:34:19.802] [WARN] warnArchive - Estado: 404, Ruta consultada: /favicon.ico, Metodo GET
[2022-09-29T18:34:19.981] [WARN] warnArchive - Estado: 404, Ruta consultada: /favicon.ico, Metodo GET
[2022-09-29T18:34:20.198] [WARN] warnArchive - Estado: 404, Ruta consultada: /favicon.ico, Metodo GET
[2022-09-29T18:37:10.390] [WARN] warnArchive - Estado: 404, Ruta consultada: /favicon.ico, Metodo GET
[2022-09-29T18:37:19.533] [WARN] warnArchive - Estado: 404, Ruta consultada: /favicon.ico, Metodo GET
[2022-09-29T18:37:19.794] [WARN] warnArchive - Estado: 404, Ruta consultada: /favicon.ico, Metodo GET
[2022-09-29T18:37:19.972] [WARN] warnArchive - Estado: 404, Ruta consultada: /favicon.ico, Metodo GET
[2022-09-29T18:37:20.335] [WARN] warnArchive - Estado: 404, Ruta consultada: /favicon.ico, Metodo GET
[2022-09-29T18:37:34.203] [WARN] warnArchive - Estado: 404, Ruta consultada: /favicon.ico, Metodo GET
[2022-09-29T18:37:46.711] [WARN] warnArchive - Estado: 404, Ruta consultada: /favicon.ico, Metodo GET
[2022-09-29T18:37:46.870] [WARN] warnArchive - Estado: 404, Ruta consultada: /favicon.ico, Metodo GET
[2022-09-29T18:37:48.704] [WARN] warnArchive - Estado: 404, Ruta consultada: /favicon.ico, Metodo GET
[2022-09-29T18:37:49.021] [WARN] warnArchive - Estado: 404, Ruta consultada: /favicon.ico, Metodo GET
[2022-09-29T18:37:50.183] [WARN] warnArchive - Estado: 404, Ruta consultada: /favicon.ico, Metodo GET
[2022-09-29T18:37:50.333] [WARN] warnArchive - Estado: 404, Ruta consultada: /favicon.ico, Metodo GET
[2022-09-29T18:37:50.503] [WARN] warnArchive - Estado: 404, Ruta consultada: /favicon.ico, Metodo GET
[2022-09-29T18:37:50.827] [WARN] warnArchive - Estado: 404, Ruta consultada: /favicon.ico, Metodo GET
[2022-09-29T18:37:51.194] [WARN] warnArchive - Estado: 404, Ruta consultada: /favicon.ico, Metodo GET
[2022-09-29T18:37:51.531] [WARN] warnArchive - Estado: 404, Ruta consultada: /favicon.ico, Metodo GET
[2022-09-29T18:37:52.004] [WARN] warnArchive - Estado: 404, Ruta consultada: /favicon.ico, Metodo GET
[2022-09-29T18:37:52.994] [WARN] warnArchive - Estado: 404, Ruta consultada: /favicon.ico, Metodo GET
[2022-09-29T18:37:53.419] [WARN] warnArchive - Estado: 404, Ruta consultada: /favicon.ico, Metodo GET
[2022-09-29T18:37:53.623] [WARN] warnArchive - Estado: 404, Ruta consultada: /favicon.ico, Metodo GET
[2022-09-29T18:37:53.864] [WARN] warnArchive - Estado: 404, Ruta consultada: /favicon.ico, Metodo GET
[2022-09-29T18:37:54.009] [WARN] warnArchive - Estado: 404, Ruta consultada: /favicon.ico, Metodo GET
[2022-09-29T18:37:54.457] [WARN] warnArchive - Estado: 404, Ruta consultada: /favicon.ico, Metodo GET
[2022-09-29T18:37:55.467] [WARN] warnArchive - Estado: 404, Ruta consultada: /favicon.ico, Metodo GET
[2022-09-29T18:37:55.772] [WARN] warnArchive - Estado: 404, Ruta consultada: /favicon.ico, Metodo GET
[2022-09-29T18:41:51.907] [WARN] warnArchive - Estado: 404, Ruta consultada: /favicon.ico, Metodo GET
[2022-09-29T18:41:58.130] [WARN] warnArchive - Estado: 404, Ruta consultada: /favicon.ico, Metodo GET
[2022-09-29T18:42:09.348] [WARN] warnArchive - Estado: 404, Ruta consultada: /favicon.ico, Metodo GET
[2022-09-29T18:42:09.491] [WARN] warnArchive - Estado: 404, Ruta consultada: /favicon.ico, Metodo GET
[2022-09-29T18:42:13.672] [WARN] warnArchive - Estado: 404, Ruta consultada: /favicon.ico, Metodo GET
[2022-09-29T18:42:13.847] [WARN] warnArchive - Estado: 404, Ruta consultada: /favicon.ico, Metodo GET
[2022-09-29T18:42:15.652] [WARN] warnArchive - Estado: 404, Ruta consultada: /favicon.ico, Metodo GET
[2022-09-29T18:42:16.104] [WARN] warnArchive - Estado: 404, Ruta consultada: /favicon.ico, Metodo GET
[2022-09-29T18:42:16.400] [WARN] warnArchive - Estado: 404, Ruta consultada: /favicon.ico, Metodo GET
[2022-09-29T18:42:17.333] [WARN] warnArchive - Estado: 404, Ruta consultada: /favicon.ico, Metodo GET
[2022-09-29T18:42:18.512] [WARN] warnArchive - Estado: 404, Ruta consultada: /favicon.ico, Metodo GET
[2022-09-29T18:42:18.763] [WARN] warnArchive - Estado: 404, Ruta consultada: /favicon.ico, Metodo GET
[2022-09-29T18:42:22.507] [WARN] warnArchive - Estado: 404, Ruta consultada: /favicon.ico, Metodo GET
[2022-09-29T18:42:22.916] [WARN] warnArchive - Estado: 404, Ruta consultada: /favicon.ico, Metodo GET
[2022-09-29T18:42:26.083] [WARN] warnArchive - Estado: 404, Ruta consultada: /favicon.ico, Metodo GET
[2022-09-29T18:42:34.642] [WARN] warnArchive - Estado: 404, Ruta consultada: /favicon.ico, Metodo GET
[2022-09-29T18:42:34.901] [WARN] warnArchive - Estado: 404, Ruta consultada: /favicon.ico, Metodo GET
[2022-09-29T18:42:35.103] [WARN] warnArchive - Estado: 404, Ruta consultada: /favicon.ico, Metodo GET
[2022-09-29T18:42:35.461] [WARN] warnArchive - Estado: 404, Ruta consultada: /favicon.ico, Metodo GET
[2022-09-29T18:42:35.723] [WARN] warnArchive - Estado: 404, Ruta consultada: /favicon.ico, Metodo GET
[2022-09-29T18:42:36.011] [WARN] warnArchive - Estado: 404, Ruta consultada: /favicon.ico, Metodo GET
[2022-09-29T18:51:40.035] [WARN] warnArchive - Estado: 404, Ruta consultada: /favicon.ico, Metodo GET
[2022-09-29T18:51:41.168] [WARN] warnArchive - Estado: 404, Ruta consultada: /favicon.ico, Metodo GET
[2022-09-29T18:51:41.484] [WARN] warnArchive - Estado: 404, Ruta consultada: /favicon.ico, Metodo GET
[2022-09-29T18:51:42.443] [WARN] warnArchive - Estado: 404, Ruta consultada: /favicon.ico, Metodo GET
[2022-09-29T18:51:42.790] [WARN] warnArchive - Estado: 404, Ruta consultada: /favicon.ico, Metodo GET
[2022-09-29T18:51:43.099] [WARN] warnArchive - Estado: 404, Ruta consultada: /favicon.ico, Metodo GET
[2022-09-29T18:51:43.375] [WARN] warnArchive - Estado: 404, Ruta consultada: /favicon.ico, Metodo GET
[2022-09-29T18:51:43.596] [WARN] warnArchive - Estado: 404, Ruta consultada: /favicon.ico, Metodo GET
[2022-09-29T18:51:44.088] [WARN] warnArchive - Estado: 404, Ruta consultada: /favicon.ico, Metodo GET
[2022-09-29T18:51:46.226] [WARN] warnArchive - Estado: 404, Ruta consultada: /favicon.ico, Metodo GET
[2022-09-29T18:51:46.382] [WARN] warnArchive - Estado: 404, Ruta consultada: /favicon.ico, Metodo GET
[2022-09-29T18:51:46.556] [WARN] warnArchive - Estado: 404, Ruta consultada: /favicon.ico, Metodo GET
[2022-09-29T18:51:50.896] [WARN] warnArchive - Estado: 404, Ruta consultada: /favicon.ico, Metodo GET
[2022-09-29T18:51:52.061] [WARN] warnArchive - Estado: 404, Ruta consultada: /favicon.ico, Metodo GET
[2022-09-29T18:51:54.369] [WARN] warnArchive - Estado: 404, Ruta consultada: /favicon.ico, Metodo GET
[2022-09-29T18:51:54.583] [WARN] warnArchive - Estado: 404, Ruta consultada: /favicon.ico, Metodo GET
[2022-09-29T18:51:54.731] [WARN] warnArchive - Estado: 404, Ruta consultada: /favicon.ico, Metodo GET
[2022-09-29T18:51:54.912] [WARN] warnArchive - Estado: 404, Ruta consultada: /favicon.ico, Metodo GET
[2022-09-29T18:52:02.899] [WARN] warnArchive - Estado: 404, Ruta consultada: /favicon.ico, Metodo GET
[2022-09-29T18:52:03.498] [WARN] warnArchive - Estado: 404, Ruta consultada: /favicon.ico, Metodo GET
[2022-09-29T18:58:03.378] [WARN] warnArchive - Estado: 404, Ruta consultada: /favicon.ico, Metodo GET
[2022-09-29T18:58:03.923] [WARN] warnArchive - Estado: 404, Ruta consultada: /favicon.ico, Metodo GET
[2022-09-29T18:58:04.018] [WARN] warnArchive - Estado: 404, Ruta consultada: /favicon.ico, Metodo GET
[2022-09-29T18:58:04.314] [WARN] warnArchive - Estado: 404, Ruta consultada: /favicon.ico, Metodo GET
[2022-09-29T18:58:04.720] [WARN] warnArchive - Estado: 404, Ruta consultada: /favicon.ico, Metodo GET
[2022-09-29T18:58:05.129] [WARN] warnArchive - Estado: 404, Ruta consultada: /favicon.ico, Metodo GET
[2022-09-29T18:58:05.567] [WARN] warnArchive - Estado: 404, Ruta consultada: /favicon.ico, Metodo GET
[2022-09-29T18:58:05.775] [WARN] warnArchive - Estado: 404, Ruta consultada: /favicon.ico, Metodo GET
[2022-09-29T18:58:05.902] [WARN] warnArchive - Estado: 404, Ruta consultada: /favicon.ico, Metodo GET
[2022-09-29T18:58:06.063] [WARN] warnArchive - Estado: 404, Ruta consultada: /favicon.ico, Metodo GET
[2022-09-29T18:58:09.761] [WARN] warnArchive - Estado: 404, Ruta consultada: /favicon.ico, Metodo GET
[2022-09-29T18:58:10.104] [WARN] warnArchive - Estado: 404, Ruta consultada: /favicon.ico, Metodo GET
[2022-09-29T18:58:10.591] [WARN] warnArchive - Estado: 404, Ruta consultada: /favicon.ico, Metodo GET
[2022-09-29T18:58:10.873] [WARN] warnArchive - Estado: 404, Ruta consultada: /favicon.ico, Metodo GET
[2022-09-29T18:58:11.398] [WARN] warnArchive - Estado: 404, Ruta consultada: /favicon.ico, Metodo GET
[2022-09-29T18:58:11.552] [WARN] warnArchive - Estado: 404, Ruta consultada: /favicon.ico, Metodo GET
[2022-09-29T18:58:11.942] [WARN] warnArchive - Estado: 404, Ruta consultada: /favicon.ico, Metodo GET
[2022-09-29T18:58:15.382] [WARN] warnArchive - Estado: 404, Ruta consultada: /favicon.ico, Metodo GET
[2022-09-29T18:58:17.224] [WARN] warnArchive - Estado: 404, Ruta consultada: /favicon.ico, Metodo GET
[2022-09-29T18:58:17.547] [WARN] warnArchive - Estado: 404, Ruta consultada: /favicon.ico, Metodo GET
[2022-09-29T18:58:18.550] [WARN] warnArchive - Estado: 404, Ruta consultada: /favicon.ico, Metodo GET
[2022-09-29T18:58:18.691] [WARN] warnArchive - Estado: 404, Ruta consultada: /favicon.ico, Metodo GET
[2022-09-29T18:58:23.230] [WARN] warnArchive - Estado: 404, Ruta consultada: /favicon.ico, Metodo GET
[2022-09-29T18:58:23.484] [WARN] warnArchive - Estado: 404, Ruta consultada: /favicon.ico, Metodo GET
[2022-09-29T18:58:23.614] [WARN] warnArchive - Estado: 404, Ruta consultada: /favicon.ico, Metodo GET
[2022-09-29T18:58:23.778] [WARN] warnArchive - Estado: 404, Ruta consultada: /favicon.ico, Metodo GET
[2022-09-29T18:58:23.969] [WARN] warnArchive - Estado: 404, Ruta consultada: /favicon.ico, Metodo GET
[2022-09-29T18:58:24.113] [WARN] warnArchive - Estado: 404, Ruta consultada: /favicon.ico, Metodo GET
[2022-09-29T18:58:24.884] [WARN] warnArchive - Estado: 404, Ruta consultada: /favicon.ico, Metodo GET
[2022-09-29T18:58:25.388] [WARN] warnArchive - Estado: 404, Ruta consultada: /favicon.ico, Metodo GET
[2022-09-29T18:58:27.414] [WARN] warnArchive - Estado: 404, Ruta consultada: /favicon.ico, Metodo GET
[2022-09-29T18:58:27.657] [WARN] warnArchive - Estado: 404, Ruta consultada: /favicon.ico, Metodo GET
[2022-09-29T18:58:28.244] [WARN] warnArchive - Estado: 404, Ruta consultada: /favicon.ico, Metodo GET
[2022-09-29T18:58:33.671] [WARN] warnArchive - Estado: 404, Ruta consultada: /favicon.ico, Metodo GET
[2022-09-29T18:58:34.507] [WARN] warnArchive - Estado: 404, Ruta consultada: /favicon.ico, Metodo GET
[2022-09-29T18:58:34.982] [WARN] warnArchive - Estado: 404, Ruta consultada: /favicon.ico, Metodo GET
[2022-09-29T18:58:35.439] [WARN] warnArchive - Estado: 404, Ruta consultada: /favicon.ico, Metodo GET
[2022-09-29T18:58:36.519] [WARN] warnArchive - Estado: 404, Ruta consultada: /favicon.ico, Metodo GET
[2022-09-29T18:58:37.289] [WARN] warnArchive - Estado: 404, Ruta consultada: /favicon.ico, Metodo GET
[2022-09-29T18:58:42.383] [WARN] warnArchive - Estado: 404, Ruta consultada: /favicon.ico, Metodo GET
[2022-09-29T18:58:45.309] [WARN] warnArchive - Estado: 404, Ruta consultada: /favicon.ico, Metodo GET
[2022-09-29T18:58:45.521] [WARN] warnArchive - Estado: 404, Ruta consultada: /favicon.ico, Metodo GET
[2022-09-29T18:58:45.673] [WARN] warnArchive - Estado: 404, Ruta consultada: /favicon.ico, Metodo GET
[2022-09-29T18:58:45.860] [WARN] warnArchive - Estado: 404, Ruta consultada: /favicon.ico, Metodo GET
[2022-09-29T18:58:46.047] [WARN] warnArchive - Estado: 404, Ruta consultada: /favicon.ico, Metodo GET
[2022-09-29T18:58:46.396] [WARN] warnArchive - Estado: 404, Ruta consultada: /favicon.ico, Metodo GET
[2022-09-29T18:58:47.198] [WARN] warnArchive - Estado: 404, Ruta consultada: /favicon.ico, Metodo GET
[2022-09-29T18:58:47.718] [WARN] warnArchive - Estado: 404, Ruta consultada: /favicon.ico, Metodo GET
[2022-09-29T18:59:08.026] [WARN] warnArchive - Estado: 404, Ruta consultada: /favicon.ico, Metodo GET
[2022-09-29T18:59:29.882] [WARN] warnArchive - Estado: 404, Ruta consultada: /favicon.ico, Metodo GET
[2022-09-29T18:59:33.079] [WARN] warnArchive - Estado: 404, Ruta consultada: /favicon.ico, Metodo GET
[2022-09-29T18:59:33.238] [WARN] warnArchive - Estado: 404, Ruta consultada: /favicon.ico, Metodo GET
[2022-09-29T18:59:33.523] [WARN] warnArchive - Estado: 404, Ruta consultada: /favicon.ico, Metodo GET
[2022-09-29T18:59:33.797] [WARN] warnArchive - Estado: 404, Ruta consultada: /favicon.ico, Metodo GET
[2022-09-29T18:59:34.048] [WARN] warnArchive - Estado: 404, Ruta consultada: /favicon.ico, Metodo GET
[2022-09-29T18:59:35.782] [WARN] warnArchive - Estado: 404, Ruta consultada: /favicon.ico, Metodo GET
[2022-09-29T18:59:36.008] [WARN] warnArchive - Estado: 404, Ruta consultada: /favicon.ico, Metodo GET
[2022-09-29T18:59:36.406] [WARN] warnArchive - Estado: 404, Ruta consultada: /favicon.ico, Metodo GET
[2022-09-29T18:59:38.370] [WARN] warnArchive - Estado: 404, Ruta consultada: /favicon.ico, Metodo GET
[2022-09-29T18:59:38.478] [WARN] warnArchive - Estado: 404, Ruta consultada: /favicon.ico, Metodo GET
[2022-09-29T18:59:38.634] [WARN] warnArchive - Estado: 404, Ruta consultada: /favicon.ico, Metodo GET
[2022-09-29T18:59:38.787] [WARN] warnArchive - Estado: 404, Ruta consultada: /favicon.ico, Metodo GET
[2022-09-29T18:59:45.724] [WARN] warnArchive - Estado: 404, Ruta consultada: /favicon.ico, Metodo GET
[2022-09-29T18:59:45.949] [WARN] warnArchive - Estado: 404, Ruta consultada: /favicon.ico, Metodo GET
[2022-09-29T18:59:46.181] [WARN] warnArchive - Estado: 404, Ruta consultada: /favicon.ico, Metodo GET
[2022-09-29T18:59:46.561] [WARN] warnArchive - Estado: 404, Ruta consultada: /favicon.ico, Metodo GET
[2022-09-29T18:59:46.896] [WARN] warnArchive - Estado: 404, Ruta consultada: /favicon.ico, Metodo GET
[2022-09-29T18:59:48.515] [WARN] warnArchive - Estado: 404, Ruta consultada: /favicon.ico, Metodo GET
[2022-09-29T18:59:49.509] [WARN] warnArchive - Estado: 404, Ruta consultada: /favicon.ico, Metodo GET
[2022-09-29T18:59:49.811] [WARN] warnArchive - Estado: 404, Ruta consultada: /favicon.ico, Metodo GET
[2022-09-29T18:59:50.033] [WARN] warnArchive - Estado: 404, Ruta consultada: /favicon.ico, Metodo GET
[2022-09-29T18:59:50.224] [WARN] warnArchive - Estado: 404, Ruta consultada: /favicon.ico, Metodo GET
[2022-09-29T18:59:51.417] [WARN] warnArchive - Estado: 404, Ruta consultada: /favicon.ico, Metodo GET
[2022-09-29T18:59:51.600] [WARN] warnArchive - Estado: 404, Ruta consultada: /favicon.ico, Metodo GET
[2022-09-29T19:00:14.968] [WARN] warnArchive - Estado: 404, Ruta consultada: /favicon.ico, Metodo GET
[2022-09-29T19:00:15.626] [WARN] warnArchive - Estado: 404, Ruta consultada: /favicon.ico, Metodo GET
[2022-09-29T19:00:17.041] [WARN] warnArchive - Estado: 404, Ruta consultada: /favicon.ico, Metodo GET
[2022-09-29T19:00:17.666] [WARN] warnArchive - Estado: 404, Ruta consultada: /favicon.ico, Metodo GET
[2022-09-29T19:00:19.715] [WARN] warnArchive - Estado: 404, Ruta consultada: /favicon.ico, Metodo GET
[2022-09-29T19:00:20.638] [WARN] warnArchive - Estado: 404, Ruta consultada: /favicon.ico, Metodo GET
[2022-09-29T19:00:21.040] [WARN] warnArchive - Estado: 404, Ruta consultada: /favicon.ico, Metodo GET
[2022-09-29T19:00:21.174] [WARN] warnArchive - Estado: 404, Ruta consultada: /favicon.ico, Metodo GET
[2022-09-29T19:00:27.579] [WARN] warnArchive - Estado: 404, Ruta consultada: /favicon.ico, Metodo GET
[2022-09-29T19:01:13.727] [WARN] warnArchive - Estado: 404, Ruta consultada: /favicon.ico, Metodo GET
[2022-09-29T19:01:14.304] [WARN] warnArchive - Estado: 404, Ruta consultada: /favicon.ico, Metodo GET
[2022-09-29T19:01:16.410] [WARN] warnArchive - Estado: 404, Ruta consultada: /favicon.ico, Metodo GET
[2022-09-29T19:01:42.273] [WARN] warnArchive - Estado: 404, Ruta consultada: /favicon.ico, Metodo GET
[2022-09-29T19:01:42.984] [WARN] warnArchive - Estado: 404, Ruta consultada: /favicon.ico, Metodo GET
[2022-09-29T19:01:46.959] [WARN] warnArchive - Estado: 404, Ruta consultada: /favicon.ico, Metodo GET
[2022-09-29T19:01:47.068] [WARN] warnArchive - Estado: 404, Ruta consultada: /favicon.ico, Metodo GET
[2022-09-29T19:01:47.234] [WARN] warnArchive - Estado: 404, Ruta consultada: /favicon.ico, Metodo GET
[2022-09-29T19:01:47.551] [WARN] warnArchive - Estado: 404, Ruta consultada: /favicon.ico, Metodo GET
[2022-09-29T19:02:10.355] [WARN] warnArchive - Estado: 404, Ruta consultada: /favicon.ico, Metodo GET
[2022-09-29T19:02:10.633] [WARN] warnArchive - Estado: 404, Ruta consultada: /favicon.ico, Metodo GET
[2022-09-29T19:02:10.991] [WARN] warnArchive - Estado: 404, Ruta consultada: /favicon.ico, Metodo GET
[2022-09-29T19:02:12.038] [WARN] warnArchive - Estado: 404, Ruta consultada: /favicon.ico, Metodo GET
[2022-09-29T19:02:12.209] [WARN] warnArchive - Estado: 404, Ruta consultada: /favicon.ico, Metodo GET
[2022-09-29T19:02:12.500] [WARN] warnArchive - Estado: 404, Ruta consultada: /favicon.ico, Metodo GET
[2022-09-29T19:02:13.481] [WARN] warnArchive - Estado: 404, Ruta consultada: /favicon.ico, Metodo GET
[2022-09-29T19:02:13.749] [WARN] warnArchive - Estado: 404, Ruta consultada: /favicon.ico, Metodo GET
[2022-09-29T19:02:14.138] [WARN] warnArchive - Estado: 404, Ruta consultada: /favicon.ico, Metodo GET
[2022-09-29T19:02:14.317] [WARN] warnArchive - Estado: 404, Ruta consultada: /favicon.ico, Metodo GET
[2022-09-29T19:02:14.452] [WARN] warnArchive - Estado: 404, Ruta consultada: /favicon.ico, Metodo GET
[2022-09-29T19:02:14.649] [WARN] warnArchive - Estado: 404, Ruta consultada: /favicon.ico, Metodo GET
[2022-09-29T19:02:14.862] [WARN] warnArchive - Estado: 404, Ruta consultada: /favicon.ico, Metodo GET
[2022-09-29T19:02:15.053] [WARN] warnArchive - Estado: 404, Ruta consultada: /favicon.ico, Metodo GET
[2022-09-29T19:02:15.295] [WARN] warnArchive - Estado: 404, Ruta consultada: /favicon.ico, Metodo GET
[2022-09-29T19:02:15.422] [WARN] warnArchive - Estado: 404, Ruta consultada: /favicon.ico, Metodo GET
[2022-09-29T19:02:18.371] [WARN] warnArchive - Estado: 404, Ruta consultada: /favicon.ico, Metodo GET
[2022-09-29T19:02:19.547] [WARN] warnArchive - Estado: 404, Ruta consultada: /favicon.ico, Metodo GET
[2022-09-29T19:02:19.655] [WARN] warnArchive - Estado: 404, Ruta consultada: /favicon.ico, Metodo GET
[2022-09-29T19:02:23.890] [WARN] warnArchive - Estado: 404, Ruta consultada: /favicon.ico, Metodo GET
[2022-09-29T19:02:24.027] [WARN] warnArchive - Estado: 404, Ruta consultada: /favicon.ico, Metodo GET
[2022-09-29T19:02:24.544] [WARN] warnArchive - Estado: 404, Ruta consultada: /favicon.ico, Metodo GET
[2022-09-29T19:02:24.811] [WARN] warnArchive - Estado: 404, Ruta consultada: /favicon.ico, Metodo GET
[2022-09-29T19:02:25.045] [WARN] warnArchive - Estado: 404, Ruta consultada: /favicon.ico, Metodo GET
[2022-09-29T19:02:26.270] [WARN] warnArchive - Estado: 404, Ruta consultada: /favicon.ico, Metodo GET
[2022-09-29T19:02:29.342] [WARN] warnArchive - Estado: 404, Ruta consultada: /favicon.ico, Metodo GET
[2022-09-29T19:02:29.826] [WARN] warnArchive - Estado: 404, Ruta consultada: /favicon.ico, Metodo GET
[2022-09-29T19:02:30.126] [WARN] warnArchive - Estado: 404, Ruta consultada: /favicon.ico, Metodo GET
[2022-09-29T19:02:30.603] [WARN] warnArchive - Estado: 404, Ruta consultada: /favicon.ico, Metodo GET
[2022-09-29T19:02:30.729] [WARN] warnArchive - Estado: 404, Ruta consultada: /favicon.ico, Metodo GET
[2022-09-29T19:02:31.138] [WARN] warnArchive - Estado: 404, Ruta consultada: /favicon.ico, Metodo GET
[2022-09-29T19:02:31.266] [WARN] warnArchive - Estado: 404, Ruta consultada: /favicon.ico, Metodo GET
[2022-09-29T19:02:31.540] [WARN] warnArchive - Estado: 404, Ruta consultada: /favicon.ico, Metodo GET
[2022-09-29T19:02:31.887] [WARN] warnArchive - Estado: 404, Ruta consultada: /favicon.ico, Metodo GET
[2022-09-29T19:02:32.030] [WARN] warnArchive - Estado: 404, Ruta consultada: /favicon.ico, Metodo GET
[2022-09-29T19:02:32.157] [WARN] warnArchive - Estado: 404, Ruta consultada: /favicon.ico, Metodo GET
[2022-09-29T19:02:32.737] [WARN] warnArchive - Estado: 404, Ruta consultada: /favicon.ico, Metodo GET
[2022-09-29T19:02:32.861] [WARN] warnArchive - Estado: 404, Ruta consultada: /favicon.ico, Metodo GET
[2022-09-29T19:02:33.132] [WARN] warnArchive - Estado: 404, Ruta consultada: /favicon.ico, Metodo GET
[2022-09-29T19:02:34.151] [WARN] warnArchive - Estado: 404, Ruta consultada: /favicon.ico, Metodo GET
[2022-09-29T19:02:34.562] [WARN] warnArchive - Estado: 404, Ruta consultada: /favicon.ico, Metodo GET
[2022-09-29T19:02:34.753] [WARN] warnArchive - Estado: 404, Ruta consultada: /favicon.ico, Metodo GET
[2022-09-29T19:02:35.148] [WARN] warnArchive - Estado: 404, Ruta consultada: /favicon.ico, Metodo GET
[2022-09-29T19:02:35.317] [WARN] warnArchive - Estado: 404, Ruta consultada: /favicon.ico, Metodo GET
[2022-09-29T19:02:35.589] [WARN] warnArchive - Estado: 404, Ruta consultada: /favicon.ico, Metodo GET
[2022-09-29T19:02:35.719] [WARN] warnArchive - Estado: 404, Ruta consultada: /favicon.ico, Metodo GET
[2022-09-29T19:02:36.102] [WARN] warnArchive - Estado: 404, Ruta consultada: /favicon.ico, Metodo GET
[2022-09-29T19:02:36.511] [WARN] warnArchive - Estado: 404, Ruta consultada: /favicon.ico, Metodo GET
[2022-09-29T19:02:36.717] [WARN] warnArchive - Estado: 404, Ruta consultada: /favicon.ico, Metodo GET
[2022-09-29T19:02:37.188] [WARN] warnArchive - Estado: 404, Ruta consultada: /favicon.ico, Metodo GET
[2022-09-29T19:02:37.390] [WARN] warnArchive - Estado: 404, Ruta consultada: /favicon.ico, Metodo GET
[2022-09-29T19:02:37.755] [WARN] warnArchive - Estado: 404, Ruta consultada: /favicon.ico, Metodo GET
[2022-09-29T19:02:37.881] [WARN] warnArchive - Estado: 404, Ruta consultada: /favicon.ico, Metodo GET
[2022-09-29T19:02:39.951] [WARN] warnArchive - Estado: 404, Ruta consultada: /favicon.ico, Metodo GET
[2022-09-29T19:02:43.109] [WARN] warnArchive - Estado: 404, Ruta consultada: /favicon.ico, Metodo GET
[2022-09-29T19:02:43.267] [WARN] warnArchive - Estado: 404, Ruta consultada: /favicon.ico, Metodo GET
[2022-09-29T19:02:43.910] [WARN] warnArchive - Estado: 404, Ruta consultada: /favicon.ico, Metodo GET
[2022-09-29T19:02:44.037] [WARN] warnArchive - Estado: 404, Ruta consultada: /favicon.ico, Metodo GET
[2022-09-29T19:02:44.648] [WARN] warnArchive - Estado: 404, Ruta consultada: /favicon.ico, Metodo GET
[2022-09-29T19:02:44.803] [WARN] warnArchive - Estado: 404, Ruta consultada: /favicon.ico, Metodo GET
[2022-09-29T19:02:44.955] [WARN] warnArchive - Estado: 404, Ruta consultada: /favicon.ico, Metodo GET
[2022-09-29T19:02:45.107] [WARN] warnArchive - Estado: 404, Ruta consultada: /favicon.ico, Metodo GET
[2022-09-29T19:02:46.114] [WARN] warnArchive - Estado: 404, Ruta consultada: /favicon.ico, Metodo GET
[2022-09-29T19:02:48.784] [WARN] warnArchive - Estado: 404, Ruta consultada: /favicon.ico, Metodo GET
[2022-09-29T19:02:48.973] [WARN] warnArchive - Estado: 404, Ruta consultada: /favicon.ico, Metodo GET
[2022-09-29T19:02:49.211] [WARN] warnArchive - Estado: 404, Ruta consultada: /favicon.ico, Metodo GET
[2022-09-29T19:02:50.016] [WARN] warnArchive - Estado: 404, Ruta consultada: /favicon.ico, Metodo GET
[2022-09-29T19:02:50.167] [WARN] warnArchive - Estado: 404, Ruta consultada: /favicon.ico, Metodo GET
[2022-09-29T19:02:50.479] [WARN] warnArchive - Estado: 404, Ruta consultada: /favicon.ico, Metodo GET
[2022-09-29T19:02:50.645] [WARN] warnArchive - Estado: 404, Ruta consultada: /favicon.ico, Metodo GET
[2022-09-29T19:02:50.860] [WARN] warnArchive - Estado: 404, Ruta consultada: /favicon.ico, Metodo GET
[2022-09-29T19:02:51.686] [WARN] warnArchive - Estado: 404, Ruta consultada: /favicon.ico, Metodo GET
[2022-09-29T19:03:30.858] [WARN] warnArchive - Estado: 404, Ruta consultada: /favicon.ico, Metodo GET
[2022-09-29T19:03:31.843] [WARN] warnArchive - Estado: 404, Ruta consultada: /favicon.ico, Metodo GET
[2022-09-29T19:03:33.620] [WARN] warnArchive - Estado: 404, Ruta consultada: /favicon.ico, Metodo GET
[2022-09-29T19:03:34.644] [WARN] warnArchive - Estado: 404, Ruta consultada: /api/undefined, Metodo GET
[2022-09-29T19:03:34.767] [WARN] warnArchive - Estado: 404, Ruta consultada: /favicon.ico, Metodo GET
[2022-09-29T19:04:35.086] [WARN] warnArchive - Estado: 404, Ruta consultada: /favicon.ico, Metodo GET
[2022-09-29T19:04:35.407] [WARN] warnArchive - Estado: 404, Ruta consultada: /favicon.ico, Metodo GET
[2022-09-29T19:06:31.488] [WARN] warnArchive - Estado: 404, Ruta consultada: /api/undefined, Metodo GET
[2022-09-29T19:06:32.074] [WARN] warnArchive - Estado: 404, Ruta consultada: /favicon.ico, Metodo GET
[2022-09-29T19:06:44.627] [WARN] warnArchive - Estado: 404, Ruta consultada: /favicon.ico, Metodo GET
[2022-09-29T19:06:45.483] [WARN] warnArchive - Estado: 404, Ruta consultada: /favicon.ico, Metodo GET
[2022-09-29T19:06:46.168] [WARN] warnArchive - Estado: 404, Ruta consultada: /favicon.ico, Metodo GET
[2022-09-29T19:06:46.357] [WARN] warnArchive - Estado: 404, Ruta consultada: /favicon.ico, Metodo GET
[2022-09-29T19:06:46.521] [WARN] warnArchive - Estado: 404, Ruta consultada: /favicon.ico, Metodo GET
[2022-09-29T19:06:46.765] [WARN] warnArchive - Estado: 404, Ruta consultada: /favicon.ico, Metodo GET
[2022-09-29T19:06:46.910] [WARN] warnArchive - Estado: 404, Ruta consultada: /favicon.ico, Metodo GET
[2022-09-29T19:06:47.056] [WARN] warnArchive - Estado: 404, Ruta consultada: /favicon.ico, Metodo GET
[2022-09-29T19:06:47.532] [WARN] warnArchive - Estado: 404, Ruta consultada: /favicon.ico, Metodo GET
[2022-09-29T19:06:48.416] [WARN] warnArchive - Estado: 404, Ruta consultada: /favicon.ico, Metodo GET
[2022-09-29T19:06:50.122] [WARN] warnArchive - Estado: 404, Ruta consultada: /favicon.ico, Metodo GET
[2022-09-29T19:06:51.260] [WARN] warnArchive - Estado: 404, Ruta consultada: /favicon.ico, Metodo GET
[2022-09-29T19:06:52.330] [WARN] warnArchive - Estado: 404, Ruta consultada: /favicon.ico, Metodo GET
[2022-09-29T19:06:53.386] [WARN] warnArchive - Estado: 404, Ruta consultada: /favicon.ico, Metodo GET
[2022-09-29T19:06:58.774] [WARN] warnArchive - Estado: 404, Ruta consultada: /favicon.ico, Metodo GET
[2022-09-29T19:06:59.434] [WARN] warnArchive - Estado: 404, Ruta consultada: /favicon.ico, Metodo GET
[2022-09-29T19:07:00.006] [WARN] warnArchive - Estado: 404, Ruta consultada: /favicon.ico, Metodo GET
[2022-09-29T19:07:00.617] [WARN] warnArchive - Estado: 404, Ruta consultada: /favicon.ico, Metodo GET
[2022-09-29T19:07:01.143] [WARN] warnArchive - Estado: 404, Ruta consultada: /favicon.ico, Metodo GET
[2022-09-29T19:07:02.928] [WARN] warnArchive - Estado: 404, Ruta consultada: /favicon.ico, Metodo GET
[2022-09-29T19:07:03.081] [WARN] warnArchive - Estado: 404, Ruta consultada: /favicon.ico, Metodo GET
[2022-09-29T19:07:03.335] [WARN] warnArchive - Estado: 404, Ruta consultada: /favicon.ico, Metodo GET
[2022-09-29T19:07:03.584] [WARN] warnArchive - Estado: 404, Ruta consultada: /favicon.ico, Metodo GET
[2022-09-29T19:07:03.787] [WARN] warnArchive - Estado: 404, Ruta consultada: /favicon.ico, Metodo GET
[2022-09-29T19:07:04.021] [WARN] warnArchive - Estado: 404, Ruta consultada: /favicon.ico, Metodo GET
[2022-09-29T19:07:04.173] [WARN] warnArchive - Estado: 404, Ruta consultada: /favicon.ico, Metodo GET
[2022-09-29T19:07:04.347] [WARN] warnArchive - Estado: 404, Ruta consultada: /favicon.ico, Metodo GET
[2022-09-29T19:07:04.499] [WARN] warnArchive - Estado: 404, Ruta consultada: /favicon.ico, Metodo GET
[2022-09-29T19:07:04.761] [WARN] warnArchive - Estado: 404, Ruta consultada: /favicon.ico, Metodo GET
[2022-09-29T19:07:05.041] [WARN] warnArchive - Estado: 404, Ruta consultada: /favicon.ico, Metodo GET
[2022-09-29T19:07:05.235] [WARN] warnArchive - Estado: 404, Ruta consultada: /favicon.ico, Metodo GET
[2022-09-29T19:07:05.378] [WARN] warnArchive - Estado: 404, Ruta consultada: /favicon.ico, Metodo GET
[2022-09-29T19:07:05.748] [WARN] warnArchive - Estado: 404, Ruta consultada: /favicon.ico, Metodo GET
[2022-09-29T19:07:06.045] [WARN] warnArchive - Estado: 404, Ruta consultada: /favicon.ico, Metodo GET
[2022-09-29T19:07:06.434] [WARN] warnArchive - Estado: 404, Ruta consultada: /favicon.ico, Metodo GET
[2022-09-29T19:07:06.706] [WARN] warnArchive - Estado: 404, Ruta consultada: /favicon.ico, Metodo GET
[2022-09-29T19:07:06.910] [WARN] warnArchive - Estado: 404, Ruta consultada: /favicon.ico, Metodo GET
[2022-09-29T19:07:09.615] [WARN] warnArchive - Estado: 404, Ruta consultada: /favicon.ico, Metodo GET
[2022-09-29T19:07:09.758] [WARN] warnArchive - Estado: 404, Ruta consultada: /favicon.ico, Metodo GET
[2022-09-29T19:07:09.956] [WARN] warnArchive - Estado: 404, Ruta consultada: /favicon.ico, Metodo GET
[2022-09-29T19:07:10.181] [WARN] warnArchive - Estado: 404, Ruta consultada: /favicon.ico, Metodo GET
[2022-09-29T19:07:10.419] [WARN] warnArchive - Estado: 404, Ruta consultada: /favicon.ico, Metodo GET
[2022-09-29T19:07:18.783] [WARN] warnArchive - Estado: 404, Ruta consultada: /favicon.ico, Metodo GET
[2022-09-29T19:07:18.938] [WARN] warnArchive - Estado: 404, Ruta consultada: /favicon.ico, Metodo GET
[2022-09-29T19:07:19.127] [WARN] warnArchive - Estado: 404, Ruta consultada: /favicon.ico, Metodo GET
[2022-09-29T19:07:19.470] [WARN] warnArchive - Estado: 404, Ruta consultada: /favicon.ico, Metodo GET
[2022-09-29T19:07:19.692] [WARN] warnArchive - Estado: 404, Ruta consultada: /favicon.ico, Metodo GET
[2022-09-29T19:07:20.039] [WARN] warnArchive - Estado: 404, Ruta consultada: /favicon.ico, Metodo GET
[2022-09-29T19:07:20.187] [WARN] warnArchive - Estado: 404, Ruta consultada: /favicon.ico, Metodo GET
[2022-09-29T19:07:20.330] [WARN] warnArchive - Estado: 404, Ruta consultada: /favicon.ico, Metodo GET
[2022-09-29T19:07:21.481] [WARN] warnArchive - Estado: 404, Ruta consultada: /favicon.ico, Metodo GET
[2022-09-29T19:07:21.734] [WARN] warnArchive - Estado: 404, Ruta consultada: /favicon.ico, Metodo GET
[2022-09-29T19:07:22.236] [WARN] warnArchive - Estado: 404, Ruta consultada: /favicon.ico, Metodo GET
[2022-09-29T19:07:22.770] [WARN] warnArchive - Estado: 404, Ruta consultada: /favicon.ico, Metodo GET
[2022-09-29T19:07:26.371] [WARN] warnArchive - Estado: 404, Ruta consultada: /favicon.ico, Metodo GET
[2022-09-29T19:07:26.616] [WARN] warnArchive - Estado: 404, Ruta consultada: /favicon.ico, Metodo GET
[2022-09-29T19:07:27.854] [WARN] warnArchive - Estado: 404, Ruta consultada: /favicon.ico, Metodo GET
[2022-09-29T19:07:29.203] [WARN] warnArchive - Estado: 404, Ruta consultada: /favicon.ico, Metodo GET
[2022-09-29T19:07:29.372] [WARN] warnArchive - Estado: 404, Ruta consultada: /favicon.ico, Metodo GET
[2022-09-29T19:07:29.550] [WARN] warnArchive - Estado: 404, Ruta consultada: /favicon.ico, Metodo GET
[2022-09-29T19:07:29.900] [WARN] warnArchive - Estado: 404, Ruta consultada: /favicon.ico, Metodo GET
[2022-09-29T19:07:30.206] [WARN] warnArchive - Estado: 404, Ruta consultada: /favicon.ico, Metodo GET
[2022-09-29T19:07:30.439] [WARN] warnArchive - Estado: 404, Ruta consultada: /favicon.ico, Metodo GET
[2022-09-29T19:07:30.587] [WARN] warnArchive - Estado: 404, Ruta consultada: /favicon.ico, Metodo GET
[2022-09-29T19:07:30.735] [WARN] warnArchive - Estado: 404, Ruta consultada: /favicon.ico, Metodo GET
[2022-09-29T19:07:30.968] [WARN] warnArchive - Estado: 404, Ruta consultada: /favicon.ico, Metodo GET
[2022-09-29T19:07:33.094] [WARN] warnArchive - Estado: 404, Ruta consultada: /favicon.ico, Metodo GET
[2022-09-29T19:07:33.926] [WARN] warnArchive - Estado: 404, Ruta consultada: /favicon.ico, Metodo GET
[2022-09-29T19:07:34.119] [WARN] warnArchive - Estado: 404, Ruta consultada: /favicon.ico, Metodo GET
[2022-09-29T19:07:38.298] [WARN] warnArchive - Estado: 404, Ruta consultada: /favicon.ico, Metodo GET
[2022-09-29T19:07:41.634] [WARN] warnArchive - Estado: 404, Ruta consultada: /favicon.ico, Metodo GET
[2022-09-29T19:07:44.248] [WARN] warnArchive - Estado: 404, Ruta consultada: /favicon.ico, Metodo GET
[2022-09-29T19:07:45.103] [WARN] warnArchive - Estado: 404, Ruta consultada: /favicon.ico, Metodo GET
[2022-09-29T19:07:46.223] [WARN] warnArchive - Estado: 404, Ruta consultada: /favicon.ico, Metodo GET
[2022-09-29T19:07:47.986] [WARN] warnArchive - Estado: 404, Ruta consultada: /favicon.ico, Metodo GET
[2022-09-29T19:07:53.889] [WARN] warnArchive - Estado: 404, Ruta consultada: /favicon.ico, Metodo GET
[2022-09-29T19:07:56.542] [WARN] warnArchive - Estado: 404, Ruta consultada: /favicon.ico, Metodo GET
[2022-09-29T19:07:59.633] [WARN] warnArchive - Estado: 404, Ruta consultada: /favicon.ico, Metodo GET
[2022-09-29T19:08:00.280] [WARN] warnArchive - Estado: 404, Ruta consultada: /favicon.ico, Metodo GET
[2022-09-29T19:08:02.627] [WARN] warnArchive - Estado: 404, Ruta consultada: /favicon.ico, Metodo GET
[2022-09-29T19:08:03.761] [WARN] warnArchive - Estado: 404, Ruta consultada: /favicon.ico, Metodo GET
[2022-09-29T19:08:05.211] [WARN] warnArchive - Estado: 404, Ruta consultada: /favicon.ico, Metodo GET
[2022-09-29T19:08:06.247] [WARN] warnArchive - Estado: 404, Ruta consultada: /favicon.ico, Metodo GET
[2022-09-29T19:08:06.391] [WARN] warnArchive - Estado: 404, Ruta consultada: /favicon.ico, Metodo GET
[2022-09-29T19:08:06.666] [WARN] warnArchive - Estado: 404, Ruta consultada: /favicon.ico, Metodo GET
[2022-09-29T19:08:11.759] [WARN] warnArchive - Estado: 404, Ruta consultada: /favicon.ico, Metodo GET
[2022-09-29T19:08:12.257] [WARN] warnArchive - Estado: 404, Ruta consultada: /favicon.ico, Metodo GET
[2022-09-29T19:08:16.862] [WARN] warnArchive - Estado: 404, Ruta consultada: /favicon.ico, Metodo GET
[2022-09-29T19:08:19.382] [WARN] warnArchive - Estado: 404, Ruta consultada: /favicon.ico, Metodo GET
[2022-09-29T19:08:20.323] [WARN] warnArchive - Estado: 404, Ruta consultada: /favicon.ico, Metodo GET
[2022-09-29T19:08:27.687] [WARN] warnArchive - Estado: 404, Ruta consultada: /favicon.ico, Metodo GET
[2022-09-29T19:08:28.739] [WARN] warnArchive - Estado: 404, Ruta consultada: /favicon.ico, Metodo GET
[2022-09-29T19:08:30.542] [WARN] warnArchive - Estado: 404, Ruta consultada: /favicon.ico, Metodo GET
[2022-09-29T19:08:30.716] [WARN] warnArchive - Estado: 404, Ruta consultada: /favicon.ico, Metodo GET
[2022-09-29T19:08:30.969] [WARN] warnArchive - Estado: 404, Ruta consultada: /favicon.ico, Metodo GET
[2022-09-29T19:08:32.883] [WARN] warnArchive - Estado: 404, Ruta consultada: /favicon.ico, Metodo GET
[2022-09-29T19:08:53.416] [WARN] warnArchive - Estado: 404, Ruta consultada: /favicon.ico, Metodo GET
[2022-09-29T19:09:25.181] [WARN] warnArchive - Estado: 404, Ruta consultada: /favicon.ico, Metodo GET
[2022-09-29T19:09:39.969] [WARN] warnArchive - Estado: 404, Ruta consultada: /favicon.ico, Metodo GET
[2022-09-29T19:09:40.978] [WARN] warnArchive - Estado: 404, Ruta consultada: /favicon.ico, Metodo GET
[2022-09-29T19:09:44.627] [WARN] warnArchive - Estado: 404, Ruta consultada: /favicon.ico, Metodo GET
[2022-09-29T19:10:18.238] [WARN] warnArchive - Estado: 404, Ruta consultada: /favicon.ico, Metodo GET
[2022-09-29T19:10:21.176] [WARN] warnArchive - Estado: 404, Ruta consultada: /favicon.ico, Metodo GET
[2022-09-29T19:10:47.807] [WARN] warnArchive - Estado: 404, Ruta consultada: /favicon.ico, Metodo GET
[2022-09-29T19:10:48.501] [WARN] warnArchive - Estado: 404, Ruta consultada: /favicon.ico, Metodo GET
[2022-09-29T19:10:50.056] [WARN] warnArchive - Estado: 404, Ruta consultada: /favicon.ico, Metodo GET
[2022-09-29T19:10:51.341] [WARN] warnArchive - Estado: 404, Ruta consultada: /favicon.ico, Metodo GET
[2022-09-29T19:11:05.166] [WARN] warnArchive - Estado: 404, Ruta consultada: /favicon.ico, Metodo GET
[2022-09-29T19:11:08.339] [WARN] warnArchive - Estado: 404, Ruta consultada: /favicon.ico, Metodo GET
[2022-09-29T19:11:09.265] [WARN] warnArchive - Estado: 404, Ruta consultada: /favicon.ico, Metodo GET
[2022-09-29T19:11:12.928] [WARN] warnArchive - Estado: 404, Ruta consultada: /favicon.ico, Metodo GET
[2022-09-29T19:11:26.587] [WARN] warnArchive - Estado: 404, Ruta consultada: /favicon.ico, Metodo GET
[2022-09-29T19:11:33.017] [WARN] warnArchive - Estado: 404, Ruta consultada: /favicon.ico, Metodo GET
[2022-09-29T19:11:37.823] [WARN] warnArchive - Estado: 404, Ruta consultada: /favicon.ico, Metodo GET
[2022-09-29T19:12:06.229] [WARN] warnArchive - Estado: 404, Ruta consultada: /favicon.ico, Metodo GET
[2022-09-29T19:12:09.203] [WARN] warnArchive - Estado: 404, Ruta consultada: /favicon.ico, Metodo GET
[2022-09-29T19:12:13.378] [WARN] warnArchive - Estado: 404, Ruta consultada: /favicon.ico, Metodo GET
[2022-09-29T19:12:25.834] [WARN] warnArchive - Estado: 404, Ruta consultada: /favicon.ico, Metodo GET
[2022-09-29T19:12:26.622] [WARN] warnArchive - Estado: 404, Ruta consultada: /favicon.ico, Metodo GET
[2022-09-29T19:12:28.090] [WARN] warnArchive - Estado: 404, Ruta consultada: /favicon.ico, Metodo GET
[2022-09-29T19:12:28.831] [WARN] warnArchive - Estado: 404, Ruta consultada: /favicon.ico, Metodo GET
[2022-09-29T19:12:43.070] [WARN] warnArchive - Estado: 404, Ruta consultada: /favicon.ico, Metodo GET
[2022-09-29T19:12:47.369] [WARN] warnArchive - Estado: 404, Ruta consultada: /favicon.ico, Metodo GET
[2022-09-29T19:12:53.786] [WARN] warnArchive - Estado: 404, Ruta consultada: /favicon.ico, Metodo GET
[2022-09-29T19:29:03.113] [WARN] warnArchive - Estado: 404, Ruta consultada: /favicon.ico, Metodo GET
[2022-09-29T19:29:03.855] [WARN] warnArchive - Estado: 404, Ruta consultada: /favicon.ico, Metodo GET
[2022-09-29T19:29:05.622] [WARN] warnArchive - Estado: 404, Ruta consultada: /favicon.ico, Metodo GET
[2022-09-29T19:29:06.438] [WARN] warnArchive - Estado: 404, Ruta consultada: /favicon.ico, Metodo GET
[2022-09-29T19:29:07.072] [WARN] warnArchive - Estado: 404, Ruta consultada: /favicon.ico, Metodo GET
[2022-09-29T19:29:24.048] [WARN] warnArchive - Estado: 404, Ruta consultada: /favicon.ico, Metodo GET
[2022-09-29T19:29:27.461] [WARN] warnArchive - Estado: 404, Ruta consultada: /favicon.ico, Metodo GET
[2022-09-29T19:29:34.115] [WARN] warnArchive - Estado: 404, Ruta consultada: /favicon.ico, Metodo GET
[2022-09-29T19:30:14.663] [WARN] warnArchive - Estado: 404, Ruta consultada: /favicon.ico, Metodo GET
[2022-09-29T19:37:57.041] [WARN] warnArchive - Estado: 404, Ruta consultada: /favicon.ico, Metodo GET
[2022-09-29T19:37:58.119] [WARN] warnArchive - Estado: 404, Ruta consultada: /favicon.ico, Metodo GET
[2022-09-29T19:37:59.712] [WARN] warnArchive - Estado: 404, Ruta consultada: /favicon.ico, Metodo GET
[2022-09-29T19:38:02.014] [WARN] warnArchive - Estado: 404, Ruta consultada: /favicon.ico, Metodo GET
[2022-09-29T19:38:02.644] [WARN] warnArchive - Estado: 404, Ruta consultada: /favicon.ico, Metodo GET
[2022-09-29T19:38:05.686] [WARN] warnArchive - Estado: 404, Ruta consultada: /favicon.ico, Metodo GET
[2022-09-29T19:38:06.875] [WARN] warnArchive - Estado: 404, Ruta consultada: /favicon.ico, Metodo GET
[2022-09-29T19:38:27.578] [WARN] warnArchive - Estado: 404, Ruta consultada: /favicon.ico, Metodo GET
[2022-09-29T19:38:29.122] [WARN] warnArchive - Estado: 404, Ruta consultada: /favicon.ico, Metodo GET
[2022-09-29T19:38:30.070] [WARN] warnArchive - Estado: 404, Ruta consultada: /favicon.ico, Metodo GET
[2022-09-29T19:38:30.646] [WARN] warnArchive - Estado: 404, Ruta consultada: /avatar/public/avatar/1661719606018-givi%20trekker%20dolomiti%2036%20lts.jpg, Metodo GET
[2022-09-29T19:38:30.756] [WARN] warnArchive - Estado: 404, Ruta consultada: /favicon.ico, Metodo GET
[2022-09-29T19:38:32.249] [WARN] warnArchive - Estado: 404, Ruta consultada: /favicon.ico, Metodo GET
[2022-09-29T19:38:39.337] [WARN] warnArchive - Estado: 404, Ruta consultada: /favicon.ico, Metodo GET
[2022-09-29T19:38:43.775] [WARN] warnArchive - Estado: 404, Ruta consultada: /favicon.ico, Metodo GET
[2022-09-29T19:39:06.671] [WARN] warnArchive - Estado: 404, Ruta consultada: /favicon.ico, Metodo GET
[2022-09-29T19:39:07.891] [WARN] warnArchive - Estado: 404, Ruta consultada: /favicon.ico, Metodo GET
[2022-09-29T19:39:11.396] [WARN] warnArchive - Estado: 404, Ruta consultada: /favicon.ico, Metodo GET
[2022-09-29T19:40:47.077] [WARN] warnArchive - Estado: 404, Ruta consultada: /favicon.ico, Metodo GET
[2022-09-29T19:40:48.888] [WARN] warnArchive - Estado: 404, Ruta consultada: /favicon.ico, Metodo GET
[2022-09-29T19:40:50.777] [WARN] warnArchive - Estado: 404, Ruta consultada: /favicon.ico, Metodo GET
[2022-09-29T19:52:16.158] [WARN] warnArchive - Estado: 404, Ruta consultada: /favicon.ico, Metodo GET
[2022-09-29T19:52:17.324] [WARN] warnArchive - Estado: 404, Ruta consultada: /favicon.ico, Metodo GET
[2022-09-29T19:52:18.640] [WARN] warnArchive - Estado: 404, Ruta consultada: /favicon.ico, Metodo GET
[2022-09-29T19:52:19.415] [WARN] warnArchive - Estado: 404, Ruta consultada: /favicon.ico, Metodo GET
[2022-09-29T20:02:11.502] [WARN] warnArchive - Estado: 404, Ruta consultada: /favicon.ico, Metodo GET
[2022-09-29T20:02:14.637] [WARN] warnArchive - Estado: 404, Ruta consultada: /favicon.ico, Metodo GET
[2022-10-01T10:03:37.884] [WARN] warnArchive - Estado: 404, Ruta consultada: /favicon.ico, Metodo GET
[2022-10-01T10:03:38.825] [WARN] warnArchive - Estado: 404, Ruta consultada: /favicon.ico, Metodo GET
[2022-10-01T10:03:41.426] [WARN] warnArchive - Estado: 404, Ruta consultada: /favicon.ico, Metodo GET
[2022-10-01T10:03:42.425] [WARN] warnArchive - Estado: 404, Ruta consultada: /favicon.ico, Metodo GET
[2022-10-01T10:03:43.373] [WARN] warnArchive - Estado: 404, Ruta consultada: /favicon.ico, Metodo GET
[2022-10-01T10:07:04.425] [WARN] warnArchive - Estado: 404, Ruta consultada: /favicon.ico, Metodo GET
[2022-10-01T10:31:17.225] [WARN] warnArchive - Estado: 404, Ruta consultada: /favicon.ico, Metodo GET
[2022-10-01T10:31:19.156] [WARN] warnArchive - Estado: 404, Ruta consultada: /favicon.ico, Metodo GET
[2022-10-01T10:31:20.554] [WARN] warnArchive - Estado: 404, Ruta consultada: /favicon.ico, Metodo GET
[2022-10-01T10:31:48.885] [WARN] warnArchive - Estado: 404, Ruta consultada: /favicon.ico, Metodo GET
[2022-10-01T10:31:52.162] [WARN] warnArchive - Estado: 404, Ruta consultada: /favicon.ico, Metodo GET
[2022-10-01T10:31:52.402] [WARN] warnArchive - Estado: 404, Ruta consultada: /favicon.ico, Metodo GET
[2022-10-01T10:31:52.649] [WARN] warnArchive - Estado: 404, Ruta consultada: /favicon.ico, Metodo GET
[2022-10-01T10:31:52.912] [WARN] warnArchive - Estado: 404, Ruta consultada: /favicon.ico, Metodo GET
[2022-10-01T10:31:53.071] [WARN] warnArchive - Estado: 404, Ruta consultada: /favicon.ico, Metodo GET
[2022-10-01T10:31:53.365] [WARN] warnArchive - Estado: 404, Ruta consultada: /favicon.ico, Metodo GET
[2022-10-01T10:31:56.274] [WARN] warnArchive - Estado: 404, Ruta consultada: /favicon.ico, Metodo GET
[2022-10-01T10:31:56.450] [WARN] warnArchive - Estado: 404, Ruta consultada: /favicon.ico, Metodo GET
[2022-10-01T10:31:56.706] [WARN] warnArchive - Estado: 404, Ruta consultada: /favicon.ico, Metodo GET
[2022-10-01T10:31:56.951] [WARN] warnArchive - Estado: 404, Ruta consultada: /favicon.ico, Metodo GET
[2022-10-01T10:31:57.201] [WARN] warnArchive - Estado: 404, Ruta consultada: /favicon.ico, Metodo GET
[2022-10-01T10:31:57.526] [WARN] warnArchive - Estado: 404, Ruta consultada: /favicon.ico, Metodo GET
[2022-10-01T10:31:57.804] [WARN] warnArchive - Estado: 404, Ruta consultada: /favicon.ico, Metodo GET
[2022-10-01T10:46:37.150] [WARN] warnArchive - Estado: 404, Ruta consultada: /favicon.ico, Metodo GET
[2022-10-01T10:46:39.180] [WARN] warnArchive - Estado: 404, Ruta consultada: /favicon.ico, Metodo GET
[2022-10-01T10:46:40.389] [WARN] warnArchive - Estado: 404, Ruta consultada: /favicon.ico, Metodo GET
[2022-10-01T11:07:34.329] [WARN] warnArchive - Estado: 404, Ruta consultada: /favicon.ico, Metodo GET
[2022-10-01T11:07:35.998] [WARN] warnArchive - Estado: 404, Ruta consultada: /favicon.ico, Metodo GET
[2022-10-01T11:07:37.277] [WARN] warnArchive - Estado: 404, Ruta consultada: /favicon.ico, Metodo GET
[2022-10-01T11:07:48.443] [WARN] warnArchive - Estado: 404, Ruta consultada: /favicon.ico, Metodo GET
[2022-10-01T11:07:49.400] [WARN] warnArchive - Estado: 404, Ruta consultada: /favicon.ico, Metodo GET
[2022-10-01T11:07:52.232] [WARN] warnArchive - Estado: 404, Ruta consultada: /favicon.ico, Metodo GET
[2022-10-01T11:07:56.028] [WARN] warnArchive - Estado: 404, Ruta consultada: /favicon.ico, Metodo GET
[2022-10-01T11:07:56.665] [WARN] warnArchive - Estado: 404, Ruta consultada: /favicon.ico, Metodo GET
[2022-10-01T11:07:59.597] [WARN] warnArchive - Estado: 404, Ruta consultada: /favicon.ico, Metodo GET
[2022-10-01T11:08:17.671] [WARN] warnArchive - Estado: 404, Ruta consultada: /favicon.ico, Metodo GET
[2022-10-01T11:08:26.628] [WARN] warnArchive - Estado: 404, Ruta consultada: /favicon.ico, Metodo GET
[2022-10-01T11:08:28.820] [WARN] warnArchive - Estado: 404, Ruta consultada: /favicon.ico, Metodo GET
[2022-10-01T11:08:31.478] [WARN] warnArchive - Estado: 404, Ruta consultada: /favicon.ico, Metodo GET
[2022-10-01T11:08:32.719] [WARN] warnArchive - Estado: 404, Ruta consultada: /favicon.ico, Metodo GET
[2022-10-01T11:08:57.450] [WARN] warnArchive - Estado: 404, Ruta consultada: /favicon.ico, Metodo GET
[2022-10-01T11:09:02.156] [WARN] warnArchive - Estado: 404, Ruta consultada: /favicon.ico, Metodo GET
[2022-10-01T11:09:04.104] [WARN] warnArchive - Estado: 404, Ruta consultada: /favicon.ico, Metodo GET
[2022-10-01T11:09:08.882] [WARN] warnArchive - Estado: 404, Ruta consultada: /favicon.ico, Metodo GET
[2022-10-01T11:22:01.869] [WARN] warnArchive - Estado: 404, Ruta consultada: /favicon.ico, Metodo GET
[2022-10-01T11:23:04.795] [WARN] warnArchive - Estado: 404, Ruta consultada: /favicon.ico, Metodo GET
[2022-10-01T11:23:58.233] [WARN] warnArchive - Estado: 404, Ruta consultada: /favicon.ico, Metodo GET
[2022-10-01T11:24:00.485] [WARN] warnArchive - Estado: 404, Ruta consultada: /favicon.ico, Metodo GET
[2022-10-01T11:24:03.528] [WARN] warnArchive - Estado: 404, Ruta consultada: /favicon.ico, Metodo GET
[2022-10-01T11:24:04.631] [WARN] warnArchive - Estado: 404, Ruta consultada: /favicon.ico, Metodo GET
[2022-10-01T11:24:05.893] [WARN] warnArchive - Estado: 404, Ruta consultada: /favicon.ico, Metodo GET
[2022-10-01T11:24:07.065] [WARN] warnArchive - Estado: 404, Ruta consultada: /favicon.ico, Metodo GET
[2022-10-01T11:24:47.752] [WARN] warnArchive - Estado: 404, Ruta consultada: /favicon.ico, Metodo GET
[2022-10-01T11:24:49.456] [WARN] warnArchive - Estado: 404, Ruta consultada: /favicon.ico, Metodo GET
[2022-10-08T09:21:57.918] [WARN] warnArchive - Estado: 404, Ruta consultada: /, Metodo GET
