[2022-08-16T08:40:56.508] [WARN] warnArchive - Estado: 404, Ruta consultada: /api/formProductos.js, Metodo GET
[2022-08-16T08:45:41.079] [WARN] warnArchive - Estado: 404, Ruta consultada: /api/formProductos.js, Metodo GET
[2022-08-16T08:49:58.270] [WARN] warnArchive - Estado: 404, Ruta consultada: /api/formProductos.js, Metodo GET
[2022-08-16T08:50:11.162] [WARN] warnArchive - Estado: 404, Ruta consultada: /api/formProductos.js, Metodo GET
[2022-08-16T08:52:01.183] [WARN] warnArchive - Estado: 404, Ruta consultada: /api/formProductos.js, Metodo GET
[2022-08-16T09:13:05.971] [WARN] warnArchive - Estado: 404, Ruta consultada: /api/formProductos.js, Metodo GET
[2022-08-16T09:21:08.001] [WARN] warnArchive - Estado: 404, Ruta consultada: /api/formProductos.js, Metodo GET
[2022-08-16T09:21:10.881] [WARN] warnArchive - Estado: 404, Ruta consultada: /api/formProductos.js, Metodo GET
[2022-08-16T09:41:38.506] [WARN] warnArchive - Estado: 404, Ruta consultada: /favicon.ico, Metodo GET
[2022-08-16T09:41:38.679] [WARN] warnArchive - Estado: 404, Ruta consultada: /favicon.ico, Metodo GET
[2022-08-16T09:41:38.860] [WARN] warnArchive - Estado: 404, Ruta consultada: /favicon.ico, Metodo GET
[2022-08-16T09:41:39.128] [WARN] warnArchive - Estado: 404, Ruta consultada: /favicon.ico, Metodo GET
[2022-08-16T09:41:39.268] [WARN] warnArchive - Estado: 404, Ruta consultada: /favicon.ico, Metodo GET
[2022-08-16T09:45:43.670] [WARN] warnArchive - Estado: 404, Ruta consultada: /api/formProductos.js, Metodo GET
[2022-08-16T09:46:38.870] [WARN] warnArchive - Estado: 404, Ruta consultada: /api/formProductos.js, Metodo GET
[2022-08-16T09:46:45.650] [WARN] warnArchive - Estado: 404, Ruta consultada: /api/formProductos.js, Metodo GET
[2022-08-16T09:46:46.495] [WARN] warnArchive - Estado: 404, Ruta consultada: /api/formProductos.js, Metodo GET
[2022-08-16T09:49:50.960] [WARN] warnArchive - Estado: 404, Ruta consultada: /favicon.ico, Metodo GET
[2022-08-16T09:49:51.149] [WARN] warnArchive - Estado: 404, Ruta consultada: /favicon.ico, Metodo GET
[2022-08-16T09:49:51.431] [WARN] warnArchive - Estado: 404, Ruta consultada: /favicon.ico, Metodo GET
[2022-08-16T09:49:51.664] [WARN] warnArchive - Estado: 404, Ruta consultada: /favicon.ico, Metodo GET
[2022-08-16T09:50:09.029] [WARN] warnArchive - Estado: 404, Ruta consultada: /favicon.ico, Metodo GET
[2022-08-16T09:50:09.225] [WARN] warnArchive - Estado: 404, Ruta consultada: /favicon.ico, Metodo GET
[2022-08-16T09:50:09.379] [WARN] warnArchive - Estado: 404, Ruta consultada: /favicon.ico, Metodo GET
[2022-08-16T09:54:25.967] [WARN] warnArchive - Estado: 404, Ruta consultada: /favicon.ico, Metodo GET
[2022-08-16T09:54:26.217] [WARN] warnArchive - Estado: 404, Ruta consultada: /favicon.ico, Metodo GET
[2022-08-16T09:54:26.449] [WARN] warnArchive - Estado: 404, Ruta consultada: /favicon.ico, Metodo GET
[2022-08-16T09:55:25.194] [WARN] warnArchive - Estado: 404, Ruta consultada: /carousel.css, Metodo GET
[2022-08-16T09:56:40.426] [WARN] warnArchive - Estado: 404, Ruta consultada: /carousel.css, Metodo GET
[2022-08-16T10:04:23.041] [WARN] warnArchive - Estado: 404, Ruta consultada: /api/formProductos.js, Metodo GET
[2022-08-16T10:38:31.965] [WARN] warnArchive - Estado: 404, Ruta consultada: /carousel.css, Metodo GET
[2022-08-16T10:38:50.448] [WARN] warnArchive - Estado: 404, Ruta consultada: /carousel.css, Metodo GET
[2022-08-16T10:39:07.066] [WARN] warnArchive - Estado: 404, Ruta consultada: /carousel.css, Metodo GET
[2022-08-16T10:39:36.617] [WARN] warnArchive - Estado: 404, Ruta consultada: /carousel.css, Metodo GET
[2022-08-16T10:39:56.971] [WARN] warnArchive - Estado: 404, Ruta consultada: /carousel.css, Metodo GET
[2022-08-16T10:41:03.190] [WARN] warnArchive - Estado: 404, Ruta consultada: /carousel.css, Metodo GET
[2022-08-16T10:42:58.972] [WARN] warnArchive - Estado: 404, Ruta consultada: /carousel.css, Metodo GET
[2022-08-16T10:43:28.262] [WARN] warnArchive - Estado: 404, Ruta consultada: /carousel.css, Metodo GET
[2022-08-16T10:47:26.139] [WARN] warnArchive - Estado: 404, Ruta consultada: /carousel.css, Metodo GET
[2022-08-16T10:48:47.382] [WARN] warnArchive - Estado: 404, Ruta consultada: /carousel.css, Metodo GET
[2022-08-16T10:48:59.438] [WARN] warnArchive - Estado: 404, Ruta consultada: /api/formProductos.js, Metodo GET
[2022-08-16T10:49:27.447] [WARN] warnArchive - Estado: 404, Ruta consultada: /carousel.css, Metodo GET
[2022-08-16T10:49:36.001] [WARN] warnArchive - Estado: 404, Ruta consultada: /api/formProductos.js, Metodo GET
[2022-08-16T10:51:13.985] [WARN] warnArchive - Estado: 404, Ruta consultada: /carousel.css, Metodo GET
[2022-08-16T10:51:14.951] [WARN] warnArchive - Estado: 404, Ruta consultada: /api/formProductos.js, Metodo GET
[2022-08-16T11:06:39.736] [WARN] warnArchive - Estado: 404, Ruta consultada: /carousel.css, Metodo GET
[2022-08-16T12:12:23.841] [WARN] warnArchive - Estado: 404, Ruta consultada: /carousel.css, Metodo GET
[2022-08-16T12:15:44.124] [WARN] warnArchive - Estado: 404, Ruta consultada: /api/formProductos.js, Metodo GET
[2022-08-16T12:16:23.563] [WARN] warnArchive - Estado: 404, Ruta consultada: /api/formProductos.js, Metodo GET
[2022-08-16T12:19:57.253] [WARN] warnArchive - Estado: 404, Ruta consultada: /api/formProductos.js, Metodo GET
[2022-08-16T12:20:00.969] [WARN] warnArchive - Estado: 404, Ruta consultada: /api/formProductos.js, Metodo GET
[2022-08-16T12:22:45.283] [WARN] warnArchive - Estado: 404, Ruta consultada: /carousel.css, Metodo GET
[2022-08-20T07:10:17.947] [WARN] warnArchive - Estado: 404, Ruta consultada: /favicon.ico, Metodo GET
[2022-08-20T07:11:41.323] [WARN] warnArchive - Estado: 404, Ruta consultada: /carousel.css, Metodo GET
[2022-08-20T07:11:43.131] [WARN] warnArchive - Estado: 404, Ruta consultada: /api/formProductos.js, Metodo GET
[2022-08-20T07:11:52.368] [WARN] warnArchive - Estado: 404, Ruta consultada: /api/formProductos.js, Metodo GET
[2022-08-20T07:11:57.516] [WARN] warnArchive - Estado: 404, Ruta consultada: /api/formProductos.js, Metodo GET
[2022-08-20T07:12:19.952] [WARN] warnArchive - Estado: 404, Ruta consultada: /api/formProductos.js, Metodo GET
[2022-08-20T07:24:33.727] [WARN] warnArchive - Estado: 404, Ruta consultada: /carousel.css, Metodo GET
[2022-08-20T07:30:13.901] [WARN] warnArchive - Estado: 404, Ruta consultada: /errorAccesoDenegado, Metodo GET
[2022-08-20T07:32:04.204] [WARN] warnArchive - Estado: 404, Ruta consultada: /api/formProductos.js, Metodo GET
[2022-08-20T07:34:54.596] [WARN] warnArchive - Estado: 404, Ruta consultada: /api/formProductos.js, Metodo GET
[2022-08-20T08:30:09.250] [WARN] warnArchive - Estado: 404, Ruta consultada: /favicon.ico, Metodo GET
[2022-08-20T08:41:47.688] [WARN] warnArchive - Estado: 404, Ruta consultada: /api/formProductos.js, Metodo GET
[2022-08-21T07:05:41.780] [WARN] warnArchive - Estado: 404, Ruta consultada: /api/formProductos.js, Metodo GET
[2022-08-21T07:05:50.308] [WARN] warnArchive - Estado: 404, Ruta consultada: /api/formProductos.js, Metodo GET
[2022-08-21T07:52:51.979] [WARN] warnArchive - Estado: 404, Ruta consultada: /api/formProductos.js, Metodo GET
[2022-08-21T08:05:42.377] [WARN] warnArchive - Estado: 404, Ruta consultada: /123, Metodo GET
[2022-08-21T08:06:29.922] [WARN] warnArchive - Estado: 404, Ruta consultada: /123, Metodo GET
[2022-08-21T08:06:32.844] [WARN] warnArchive - Estado: 404, Ruta consultada: /api/formProductos.js, Metodo GET
[2022-08-21T08:54:11.628] [WARN] warnArchive - Estado: 404, Ruta consultada: /api/formProductos.js, Metodo GET
[2022-08-21T10:20:53.572] [WARN] warnArchive - Estado: 404, Ruta consultada: /favicon.ico, Metodo GET
[2022-08-21T10:20:57.485] [WARN] warnArchive - Estado: 404, Ruta consultada: /123, Metodo GET
[2022-08-21T10:20:59.956] [WARN] warnArchive - Estado: 404, Ruta consultada: /api/formProductos.js, Metodo GET
[2022-08-21T10:21:18.879] [WARN] warnArchive - Estado: 404, Ruta consultada: /api/formProductos.js, Metodo GET
[2022-08-21T10:21:23.342] [WARN] warnArchive - Estado: 404, Ruta consultada: /123, Metodo GET
[2022-08-21T10:21:29.887] [WARN] warnArchive - Estado: 404, Ruta consultada: /123, Metodo GET
[2022-08-21T10:43:40.415] [WARN] warnArchive - Estado: 404, Ruta consultada: /123, Metodo GET
[2022-08-21T11:02:22.602] [WARN] warnArchive - Estado: 404, Ruta consultada: /123, Metodo GET
[2022-08-21T11:02:22.937] [WARN] warnArchive - Estado: 404, Ruta consultada: /api/formProductos.js, Metodo GET
[2022-08-21T11:03:08.505] [WARN] warnArchive - Estado: 404, Ruta consultada: /favicon.ico, Metodo GET
[2022-08-21T11:03:11.237] [WARN] warnArchive - Estado: 404, Ruta consultada: /favicon.ico, Metodo GET
[2022-08-21T11:03:11.371] [WARN] warnArchive - Estado: 404, Ruta consultada: /favicon.ico, Metodo GET
[2022-08-21T11:03:11.483] [WARN] warnArchive - Estado: 404, Ruta consultada: /favicon.ico, Metodo GET
[2022-08-21T11:03:11.590] [WARN] warnArchive - Estado: 404, Ruta consultada: /favicon.ico, Metodo GET
[2022-08-22T06:30:09.550] [WARN] warnArchive - Estado: 404, Ruta consultada: /favicon.ico, Metodo GET
[2022-08-22T06:40:20.199] [WARN] warnArchive - Estado: 404, Ruta consultada: /123, Metodo GET
[2022-08-22T06:40:23.908] [WARN] warnArchive - Estado: 404, Ruta consultada: /123, Metodo GET
[2022-08-22T06:40:29.517] [WARN] warnArchive - Estado: 404, Ruta consultada: /123, Metodo GET
[2022-08-28T17:19:28.650] [WARN] warnArchive - Estado: 404, Ruta consultada: /123, Metodo GET
[2022-08-28T17:19:28.673] [WARN] warnArchive - Estado: 404, Ruta consultada: /12321, Metodo GET
[2022-08-28T17:19:30.476] [WARN] warnArchive - Estado: 404, Ruta consultada: /api/formProductos.js, Metodo GET
[2022-08-28T17:19:31.170] [WARN] warnArchive - Estado: 404, Ruta consultada: /123, Metodo GET
[2022-08-28T17:19:31.174] [WARN] warnArchive - Estado: 404, Ruta consultada: /12321, Metodo GET
[2022-09-06T18:36:24.474] [WARN] warnArchive - Estado: 404, Ruta consultada: /favicon.ico, Metodo GET
[2022-09-13T21:59:41.035] [WARN] warnArchive - Estado: 404, Ruta consultada: /api/productos, Metodo GET
[2022-09-13T21:59:41.503] [WARN] warnArchive - Estado: 404, Ruta consultada: /favicon.ico, Metodo GET
[2022-09-13T21:59:51.462] [WARN] warnArchive - Estado: 404, Ruta consultada: /api/formProductos.js, Metodo GET
[2022-09-13T21:59:52.297] [WARN] warnArchive - Estado: 404, Ruta consultada: /123, Metodo GET
[2022-09-13T21:59:52.303] [WARN] warnArchive - Estado: 404, Ruta consultada: /12321, Metodo GET
[2022-09-17T07:37:19.433] [WARN] warnArchive - Estado: 404, Ruta consultada: /favicon.ico, Metodo GET
[2022-09-17T07:37:25.795] [WARN] warnArchive - Estado: 404, Ruta consultada: /123, Metodo GET
[2022-09-17T07:37:25.805] [WARN] warnArchive - Estado: 404, Ruta consultada: /12321, Metodo GET
[2022-09-17T07:37:26.199] [WARN] warnArchive - Estado: 404, Ruta consultada: /api/formProductos.js, Metodo GET
[2022-09-17T08:09:21.501] [WARN] warnArchive - Estado: 404, Ruta consultada: /123, Metodo GET
[2022-09-17T08:09:21.514] [WARN] warnArchive - Estado: 404, Ruta consultada: /12321, Metodo GET
[2022-09-17T08:15:05.364] [WARN] warnArchive - Estado: 404, Ruta consultada: /123, Metodo GET
[2022-09-17T08:15:05.625] [WARN] warnArchive - Estado: 404, Ruta consultada: /12321, Metodo GET
[2022-09-17T08:15:39.533] [WARN] warnArchive - Estado: 404, Ruta consultada: /123, Metodo GET
[2022-09-17T08:15:39.806] [WARN] warnArchive - Estado: 404, Ruta consultada: /12321, Metodo GET
[2022-09-17T08:15:49.845] [WARN] warnArchive - Estado: 404, Ruta consultada: /123, Metodo GET
[2022-09-17T08:15:50.104] [WARN] warnArchive - Estado: 404, Ruta consultada: /12321, Metodo GET
[2022-09-17T08:16:56.068] [WARN] warnArchive - Estado: 404, Ruta consultada: /123, Metodo GET
[2022-09-17T08:16:56.072] [WARN] warnArchive - Estado: 404, Ruta consultada: /12321, Metodo GET
[2022-09-17T08:18:14.617] [WARN] warnArchive - Estado: 404, Ruta consultada: /12321, Metodo GET
[2022-09-17T08:18:14.622] [WARN] warnArchive - Estado: 404, Ruta consultada: /123, Metodo GET
[2022-09-17T09:24:45.628] [WARN] warnArchive - Estado: 404, Ruta consultada: /123, Metodo GET
[2022-09-17T09:24:45.633] [WARN] warnArchive - Estado: 404, Ruta consultada: /12321, Metodo GET
[2022-09-17T09:25:40.430] [WARN] warnArchive - Estado: 404, Ruta consultada: /123, Metodo GET
[2022-09-17T09:25:40.438] [WARN] warnArchive - Estado: 404, Ruta consultada: /12321, Metodo GET
[2022-09-17T09:27:34.728] [WARN] warnArchive - Estado: 404, Ruta consultada: /123, Metodo GET
[2022-09-17T09:27:34.734] [WARN] warnArchive - Estado: 404, Ruta consultada: /12321, Metodo GET
[2022-09-17T09:27:45.267] [WARN] warnArchive - Estado: 404, Ruta consultada: /123, Metodo GET
[2022-09-17T09:27:45.270] [WARN] warnArchive - Estado: 404, Ruta consultada: /12321, Metodo GET
[2022-09-17T09:32:12.615] [WARN] warnArchive - Estado: 404, Ruta consultada: /123, Metodo GET
[2022-09-17T09:32:12.622] [WARN] warnArchive - Estado: 404, Ruta consultada: /12321, Metodo GET
[2022-09-17T09:39:25.169] [WARN] warnArchive - Estado: 404, Ruta consultada: /123, Metodo GET
[2022-09-17T09:39:25.174] [WARN] warnArchive - Estado: 404, Ruta consultada: /12321, Metodo GET
[2022-09-17T09:40:05.369] [WARN] warnArchive - Estado: 404, Ruta consultada: /123, Metodo GET
[2022-09-17T09:40:05.632] [WARN] warnArchive - Estado: 404, Ruta consultada: /12321, Metodo GET
[2022-09-17T09:40:33.844] [WARN] warnArchive - Estado: 404, Ruta consultada: /123, Metodo GET
[2022-09-17T09:40:34.179] [WARN] warnArchive - Estado: 404, Ruta consultada: /12321, Metodo GET
[2022-09-17T09:41:03.387] [WARN] warnArchive - Estado: 404, Ruta consultada: /123, Metodo GET
[2022-09-17T09:41:03.643] [WARN] warnArchive - Estado: 404, Ruta consultada: /12321, Metodo GET
[2022-09-17T09:41:38.922] [WARN] warnArchive - Estado: 404, Ruta consultada: /123, Metodo GET
[2022-09-17T09:41:39.162] [WARN] warnArchive - Estado: 404, Ruta consultada: /12321, Metodo GET
[2022-09-17T09:42:14.062] [WARN] warnArchive - Estado: 404, Ruta consultada: /123, Metodo GET
[2022-09-17T09:42:14.069] [WARN] warnArchive - Estado: 404, Ruta consultada: /12321, Metodo GET
[2022-09-17T09:45:14.313] [WARN] warnArchive - Estado: 404, Ruta consultada: /123, Metodo GET
[2022-09-17T09:45:14.615] [WARN] warnArchive - Estado: 404, Ruta consultada: /12321, Metodo GET
[2022-09-17T09:45:33.023] [WARN] warnArchive - Estado: 404, Ruta consultada: /123, Metodo GET
[2022-09-17T09:45:33.296] [WARN] warnArchive - Estado: 404, Ruta consultada: /12321, Metodo GET
[2022-09-17T09:47:31.819] [WARN] warnArchive - Estado: 404, Ruta consultada: /123, Metodo GET
[2022-09-17T09:47:32.086] [WARN] warnArchive - Estado: 404, Ruta consultada: /12321, Metodo GET
[2022-09-17T09:47:44.276] [WARN] warnArchive - Estado: 404, Ruta consultada: /12321, Metodo GET
[2022-09-17T09:47:44.279] [WARN] warnArchive - Estado: 404, Ruta consultada: /123, Metodo GET
[2022-09-17T09:48:24.001] [WARN] warnArchive - Estado: 404, Ruta consultada: /123, Metodo GET
[2022-09-17T09:48:24.256] [WARN] warnArchive - Estado: 404, Ruta consultada: /12321, Metodo GET
[2022-09-17T09:48:39.064] [WARN] warnArchive - Estado: 404, Ruta consultada: /123, Metodo GET
[2022-09-17T09:48:39.318] [WARN] warnArchive - Estado: 404, Ruta consultada: /12321, Metodo GET
[2022-09-17T10:12:33.455] [WARN] warnArchive - Estado: 404, Ruta consultada: /123, Metodo GET
[2022-09-17T10:12:33.896] [WARN] warnArchive - Estado: 404, Ruta consultada: /12321, Metodo GET
[2022-09-17T10:25:10.012] [WARN] warnArchive - Estado: 404, Ruta consultada: /123, Metodo GET
[2022-09-17T10:25:10.298] [WARN] warnArchive - Estado: 404, Ruta consultada: /12321, Metodo GET
[2022-09-17T10:26:42.142] [WARN] warnArchive - Estado: 404, Ruta consultada: /123, Metodo GET
[2022-09-17T10:26:42.397] [WARN] warnArchive - Estado: 404, Ruta consultada: /12321, Metodo GET
[2022-09-17T10:30:06.764] [WARN] warnArchive - Estado: 404, Ruta consultada: /123, Metodo GET
[2022-09-17T10:30:07.025] [WARN] warnArchive - Estado: 404, Ruta consultada: /12321, Metodo GET
[2022-09-17T10:50:09.878] [WARN] warnArchive - Estado: 404, Ruta consultada: /123, Metodo GET
[2022-09-17T10:50:09.884] [WARN] warnArchive - Estado: 404, Ruta consultada: /12321, Metodo GET
[2022-09-17T10:50:10.347] [WARN] warnArchive - Estado: 404, Ruta consultada: /api/formProductos.js, Metodo GET
[2022-09-17T10:50:12.464] [WARN] warnArchive - Estado: 404, Ruta consultada: /12321, Metodo GET
[2022-09-17T10:50:12.469] [WARN] warnArchive - Estado: 404, Ruta consultada: /123, Metodo GET
[2022-09-17T11:08:14.328] [WARN] warnArchive - Estado: 404, Ruta consultada: /123, Metodo GET
[2022-09-17T11:08:14.334] [WARN] warnArchive - Estado: 404, Ruta consultada: /12321, Metodo GET
[2022-09-17T11:08:14.829] [WARN] warnArchive - Estado: 404, Ruta consultada: /api/formProductos.js, Metodo GET
[2022-09-17T11:08:15.893] [WARN] warnArchive - Estado: 404, Ruta consultada: /123, Metodo GET
[2022-09-17T11:08:15.902] [WARN] warnArchive - Estado: 404, Ruta consultada: /12321, Metodo GET
